        -:    0:Source:dominion.c
        -:    0:Graph:dominion.gcno
        -:    0:Data:dominion.gcda
        -:    0:Runs:8
        -:    0:Programs:8
        -:    1:#include "dominion.h"
        -:    2:#include "dominion_helpers.h"
        -:    3:#include "rngs.h"
        -:    4:#include <stdio.h>
        -:    5:#include <math.h>
        -:    6:#include <stdlib.h>
        -:    7:
        -:    8:
        -:    9:
function compare called 300 returned 100% blocks executed 83%
      300:   10:int compare(const void* a, const void* b) {
      300:   11:  if (*(int*)a > *(int*)b)
branch  0 taken 0% (fallthrough)
branch  1 taken 100%
    #####:   12:    return 1;
      300:   13:  if (*(int*)a < *(int*)b)
branch  0 taken 27% (fallthrough)
branch  1 taken 73%
       80:   14:    return -1;
      220:   15:  return 0;
        -:   16:}
        -:   17:
function newGame called 10 returned 100% blocks executed 100%
       10:   18:struct gameState* newGame() {
       10:   19:  struct gameState* g = malloc(sizeof(struct gameState));
       10:   20:  return g;
        -:   21:}
        -:   22:
function kingdomCards called 0 returned 0% blocks executed 0%
    #####:   23:int* kingdomCards(int k1, int k2, int k3, int k4, int k5, int k6, int k7,
        -:   24:		  int k8, int k9, int k10) {
    #####:   25:  int* k = malloc(10 * sizeof(int));
    #####:   26:  k[0] = k1;
    #####:   27:  k[1] = k2;
    #####:   28:  k[2] = k3;
    #####:   29:  k[3] = k4;
    #####:   30:  k[4] = k5;
    #####:   31:  k[5] = k6;
    #####:   32:  k[6] = k7;
    #####:   33:  k[7] = k8;
    #####:   34:  k[8] = k9;
    #####:   35:  k[9] = k10;
    #####:   36:  return k;
        -:   37:}
        -:   38:
function initializeGame called 10 returned 100% blocks executed 88%
       10:   39:int initializeGame(int numPlayers, int kingdomCards[10], int randomSeed,
        -:   40:		   struct gameState *state) {
        -:   41:
        -:   42:  int i;
        -:   43:  int j;
        -:   44:  int it;			
        -:   45:  //set up random number generator
       10:   46:  SelectStream(1);
call    0 returned 100%
       10:   47:  PutSeed((long)randomSeed);
call    0 returned 100%
        -:   48:  
        -:   49:  //check number of players
       10:   50:  if (numPlayers > MAX_PLAYERS || numPlayers < 2)
branch  0 taken 100% (fallthrough)
branch  1 taken 0%
branch  2 taken 0% (fallthrough)
branch  3 taken 100%
        -:   51:    {
    #####:   52:      return -1;
        -:   53:    }
        -:   54:
        -:   55:  //set number of players
       10:   56:  state->numPlayers = numPlayers;
        -:   57:
        -:   58:  //check selected kingdom cards are different
      110:   59:  for (i = 0; i < 10; i++)
branch  0 taken 91%
branch  1 taken 9% (fallthrough)
        -:   60:    {
     1100:   61:      for (j = 0; j < 10; j++)
branch  0 taken 91%
branch  1 taken 9% (fallthrough)
        -:   62:        {
     1000:   63:	  if (j != i && kingdomCards[j] == kingdomCards[i])
branch  0 taken 90% (fallthrough)
branch  1 taken 10%
branch  2 taken 0% (fallthrough)
branch  3 taken 100%
        -:   64:	    {
    #####:   65:	      return -1;
        -:   66:	    }
        -:   67:        }
        -:   68:    }
        -:   69:
        -:   70:
        -:   71:  //initialize supply
        -:   72:  ///////////////////////////////
        -:   73:
        -:   74:  //set number of Curse cards
       10:   75:  if (numPlayers == 2)
branch  0 taken 100% (fallthrough)
branch  1 taken 0%
        -:   76:    {
       10:   77:      state->supplyCount[curse] = 10;
        -:   78:    }
    #####:   79:  else if (numPlayers == 3)
branch  0 never executed
branch  1 never executed
        -:   80:    {
    #####:   81:      state->supplyCount[curse] = 20;
        -:   82:    }
        -:   83:  else
        -:   84:    {
    #####:   85:      state->supplyCount[curse] = 30;
        -:   86:    }
        -:   87:
        -:   88:  //set number of Victory cards
       10:   89:  if (numPlayers == 2)
branch  0 taken 100% (fallthrough)
branch  1 taken 0%
        -:   90:    {
       10:   91:      state->supplyCount[estate] = 8;
       10:   92:      state->supplyCount[duchy] = 8;
       10:   93:      state->supplyCount[province] = 8;
        -:   94:    }
        -:   95:  else
        -:   96:    {
    #####:   97:      state->supplyCount[estate] = 12;
    #####:   98:      state->supplyCount[duchy] = 12;
    #####:   99:      state->supplyCount[province] = 12;
        -:  100:    }
        -:  101:
        -:  102:  //set number of Treasure cards
       10:  103:  state->supplyCount[copper] = 60 - (7 * numPlayers);
       10:  104:  state->supplyCount[silver] = 40;
       10:  105:  state->supplyCount[gold] = 30;
        -:  106:
        -:  107:  //set number of Kingdom cards
      210:  108:  for (i = adventurer; i <= treasure_map; i++)       	//loop all cards
branch  0 taken 95%
branch  1 taken 5% (fallthrough)
        -:  109:    {
     1650:  110:      for (j = 0; j < 10; j++)           		//loop chosen cards
branch  0 taken 94%
branch  1 taken 6% (fallthrough)
        -:  111:	{
     1550:  112:	  if (kingdomCards[j] == i)
branch  0 taken 6% (fallthrough)
branch  1 taken 94%
        -:  113:	    {
        -:  114:	      //check if card is a 'Victory' Kingdom card
      100:  115:	      if (kingdomCards[j] == great_hall || kingdomCards[j] == gardens)
branch  0 taken 90% (fallthrough)
branch  1 taken 10%
branch  2 taken 0% (fallthrough)
branch  3 taken 100%
        -:  116:		{
       20:  117:		  if (numPlayers == 2){ 
branch  0 taken 100% (fallthrough)
branch  1 taken 0%
       10:  118:		    state->supplyCount[i] = 8; 
        -:  119:		  }
    #####:  120:		  else{ state->supplyCount[i] = 12; }
        -:  121:		}
        -:  122:	      else
        -:  123:		{
       90:  124:		  state->supplyCount[i] = 10;
        -:  125:		}
      100:  126:	      break;
        -:  127:	    }
        -:  128:	  else    //card is not in the set choosen for the game
        -:  129:	    {
     1450:  130:	      state->supplyCount[i] = -1;
        -:  131:	    }
        -:  132:	}
        -:  133:
        -:  134:    }
        -:  135:
        -:  136:  ////////////////////////
        -:  137:  //supply intilization complete
        -:  138:
        -:  139:  //set player decks
       30:  140:  for (i = 0; i < numPlayers; i++)
branch  0 taken 67%
branch  1 taken 33% (fallthrough)
        -:  141:    {
       20:  142:      state->deckCount[i] = 0;
       80:  143:      for (j = 0; j < 3; j++)
branch  0 taken 75%
branch  1 taken 25% (fallthrough)
        -:  144:	{
       60:  145:	  state->deck[i][j] = estate;
       60:  146:	  state->deckCount[i]++;
        -:  147:	}
      160:  148:      for (j = 3; j < 10; j++)
branch  0 taken 88%
branch  1 taken 13% (fallthrough)
        -:  149:	{
      140:  150:	  state->deck[i][j] = copper;
      140:  151:	  state->deckCount[i]++;		
        -:  152:	}
        -:  153:    }
        -:  154:
        -:  155:  //shuffle player decks
       30:  156:  for (i = 0; i < numPlayers; i++)
branch  0 taken 67%
branch  1 taken 33% (fallthrough)
        -:  157:    {
       20:  158:      if ( shuffle(i, state) < 0 )
call    0 returned 100%
branch  1 taken 0% (fallthrough)
branch  2 taken 100%
        -:  159:	{
    #####:  160:	  return -1;
        -:  161:	}
        -:  162:    }
        -:  163:
        -:  164:  //draw player hands
       30:  165:  for (i = 0; i < numPlayers; i++)
branch  0 taken 67%
branch  1 taken 33% (fallthrough)
        -:  166:    {  
        -:  167:      //initialize hand size to zero
       20:  168:      state->handCount[i] = 0;
       20:  169:      state->discardCount[i] = 0;
        -:  170:      //draw 5 cards
        -:  171:      // for (j = 0; j < 5; j++)
        -:  172:      //	{
        -:  173:      //	  drawCard(i, state);
        -:  174:      //	}
        -:  175:    }
        -:  176:  
        -:  177:  //set embargo tokens to 0 for all supply piles
      280:  178:  for (i = 0; i <= treasure_map; i++)
branch  0 taken 96%
branch  1 taken 4% (fallthrough)
        -:  179:    {
      270:  180:      state->embargoTokens[i] = 0;
        -:  181:    }
        -:  182:
        -:  183:  //initialize first player's turn
       10:  184:  state->outpostPlayed = 0;
       10:  185:  state->phase = 0;
       10:  186:  state->numActions = 1;
       10:  187:  state->numBuys = 1;
       10:  188:  state->playedCardCount = 0;
       10:  189:  state->whoseTurn = 0;
       10:  190:  state->handCount[state->whoseTurn] = 0;
        -:  191:  //int it; move to top
        -:  192:
        -:  193:  //Moved draw cards to here, only drawing at the start of a turn
       60:  194:  for (it = 0; it < 5; it++){
branch  0 taken 83%
branch  1 taken 17% (fallthrough)
       50:  195:    drawCard(state->whoseTurn, state);
call    0 returned 100%
        -:  196:  }
        -:  197:
       10:  198:  updateCoins(state->whoseTurn, state, 0);
call    0 returned 100%
        -:  199:
       10:  200:  return 0;
        -:  201:}
        -:  202:
function shuffle called 20 returned 100% blocks executed 94%
       20:  203:int shuffle(int player, struct gameState *state) {
        -:  204: 
        -:  205:
        -:  206:  int newDeck[MAX_DECK];
       20:  207:  int newDeckPos = 0;
        -:  208:  int card;
        -:  209:  int i;
        -:  210:
       20:  211:  if (state->deckCount[player] < 1)
branch  0 taken 0% (fallthrough)
branch  1 taken 100%
    #####:  212:    return -1;
       20:  213:  qsort ((void*)(state->deck[player]), state->deckCount[player], sizeof(int), compare); 
call    0 returned 100%
        -:  214:  /* SORT CARDS IN DECK TO ENSURE DETERMINISM! */
        -:  215:
      240:  216:  while (state->deckCount[player] > 0) {
branch  0 taken 91%
branch  1 taken 9% (fallthrough)
      200:  217:    card = floor(Random() * state->deckCount[player]);
call    0 returned 100%
      200:  218:    newDeck[newDeckPos] = state->deck[player][card];
      200:  219:    newDeckPos++;
      700:  220:    for (i = card; i < state->deckCount[player]-1; i++) {
branch  0 taken 71%
branch  1 taken 29% (fallthrough)
      500:  221:      state->deck[player][i] = state->deck[player][i+1];
        -:  222:    }
      200:  223:    state->deckCount[player]--;
        -:  224:  }
      220:  225:  for (i = 0; i < newDeckPos; i++) {
branch  0 taken 91%
branch  1 taken 9% (fallthrough)
      200:  226:    state->deck[player][i] = newDeck[i];
      200:  227:    state->deckCount[player]++;
        -:  228:  }
        -:  229:
       20:  230:  return 0;
        -:  231:}
        -:  232:
function playCard called 0 returned 0% blocks executed 0%
    #####:  233:int playCard(int handPos, int choice1, int choice2, int choice3, struct gameState *state) 
        -:  234:{	
        -:  235:  int card;
    #####:  236:  int coin_bonus = 0; 		//tracks coins gain from actions
        -:  237:
        -:  238:  //check if it is the right phase
    #####:  239:  if (state->phase != 0)
branch  0 never executed
branch  1 never executed
        -:  240:    {
    #####:  241:      return -1;
        -:  242:    }
        -:  243:	
        -:  244:  //check if player has enough actions
    #####:  245:  if ( state->numActions < 1 )
branch  0 never executed
branch  1 never executed
        -:  246:    {
    #####:  247:      return -1;
        -:  248:    }
        -:  249:	
        -:  250:  //get card played
    #####:  251:  card = handCard(handPos, state);
call    0 never executed
        -:  252:	
        -:  253:  //check if selected card is an action
    #####:  254:  if ( card < adventurer || card > treasure_map )
branch  0 never executed
branch  1 never executed
branch  2 never executed
branch  3 never executed
        -:  255:    {
    #####:  256:      return -1;
        -:  257:    }
        -:  258:	
        -:  259:  //play card
    #####:  260:  if ( cardEffect(card, choice1, choice2, choice3, state, handPos, &coin_bonus) < 0 )
call    0 never executed
branch  1 never executed
branch  2 never executed
        -:  261:    {
    #####:  262:      return -1;
        -:  263:    }
        -:  264:	
        -:  265:  //reduce number of actions
    #####:  266:  state->numActions--;
        -:  267:
        -:  268:  //update coins (Treasure cards may be added with card draws)
    #####:  269:  updateCoins(state->whoseTurn, state, coin_bonus);
call    0 never executed
        -:  270:	
    #####:  271:  return 0;
        -:  272:}
        -:  273:
function buyCard called 0 returned 0% blocks executed 0%
    #####:  274:int buyCard(int supplyPos, struct gameState *state) {
        -:  275:  int who;
        -:  276:  if (DEBUG){
        -:  277:    printf("Entering buyCard...\n");
        -:  278:  }
        -:  279:
        -:  280:  // I don't know what to do about the phase thing.
        -:  281:
    #####:  282:  who = state->whoseTurn;
        -:  283:
    #####:  284:  if (state->numBuys < 1){
branch  0 never executed
branch  1 never executed
        -:  285:    if (DEBUG)
        -:  286:      printf("You do not have any buys left\n");
    #####:  287:    return -1;
    #####:  288:  } else if (supplyCount(supplyPos, state) <1){
call    0 never executed
branch  1 never executed
branch  2 never executed
        -:  289:    if (DEBUG)
        -:  290:      printf("There are not any of that type of card left\n");
    #####:  291:    return -1;
    #####:  292:  } else if (state->coins < getCost(supplyPos)){
call    0 never executed
branch  1 never executed
branch  2 never executed
        -:  293:    if (DEBUG) 
        -:  294:      printf("You do not have enough money to buy that. You have %d coins.\n", state->coins);
    #####:  295:    return -1;
        -:  296:  } else {
    #####:  297:    state->phase=1;
        -:  298:    //state->supplyCount[supplyPos]--;
    #####:  299:    gainCard(supplyPos, state, 0, who); //card goes in discard, this might be wrong.. (2 means goes into hand, 0 goes into discard)
call    0 never executed
        -:  300:  
    #####:  301:    state->coins = (state->coins) - (getCost(supplyPos));
call    0 never executed
    #####:  302:    state->numBuys--;
        -:  303:    if (DEBUG)
        -:  304:      printf("You bought card number %d for %d coins. You now have %d buys and %d coins.\n", supplyPos, getCost(supplyPos), state->numBuys, state->coins);
        -:  305:  }
        -:  306:
        -:  307:  //state->discard[who][state->discardCount[who]] = supplyPos;
        -:  308:  //state->discardCount[who]++;
        -:  309:    
    #####:  310:  return 0;
        -:  311:}
        -:  312:
function numHandCards called 5 returned 100% blocks executed 100%
        5:  313:int numHandCards(struct gameState *state) {
        5:  314:  return state->handCount[ whoseTurn(state) ];
call    0 returned 100%
        -:  315:}
        -:  316:
function handCard called 0 returned 0% blocks executed 0%
    #####:  317:int handCard(int handPos, struct gameState *state) {
    #####:  318:  int currentPlayer = whoseTurn(state);
call    0 never executed
    #####:  319:  return state->hand[currentPlayer][handPos];
        -:  320:}
        -:  321:
function supplyCount called 0 returned 0% blocks executed 0%
    #####:  322:int supplyCount(int card, struct gameState *state) {
    #####:  323:  return state->supplyCount[card];
        -:  324:}
        -:  325:
function fullDeckCount called 1 returned 100% blocks executed 100%
        1:  326:int fullDeckCount(int player, int card, struct gameState *state) {
        -:  327:  int i;
        1:  328:  int count = 0;
        -:  329:
        4:  330:  for (i = 0; i < state->deckCount[player]; i++)
branch  0 taken 75%
branch  1 taken 25% (fallthrough)
        -:  331:    {
        3:  332:      if (state->deck[player][i] == card) count++;
branch  0 taken 67% (fallthrough)
branch  1 taken 33%
        -:  333:    }
        -:  334:
        4:  335:  for (i = 0; i < state->handCount[player]; i++)
branch  0 taken 75%
branch  1 taken 25% (fallthrough)
        -:  336:    {
        3:  337:      if (state->hand[player][i] == card) count++;
branch  0 taken 67% (fallthrough)
branch  1 taken 33%
        -:  338:    }
        -:  339:
        4:  340:  for (i = 0; i < state->discardCount[player]; i++)
branch  0 taken 75%
branch  1 taken 25% (fallthrough)
        -:  341:    {
        3:  342:      if (state->discard[player][i] == card) count++;
branch  0 taken 67% (fallthrough)
branch  1 taken 33%
        -:  343:    }
        -:  344:
        1:  345:  return count;
        -:  346:}
        -:  347:
function whoseTurn called 14 returned 100% blocks executed 100%
       14:  348:int whoseTurn(struct gameState *state) {
       14:  349:  return state->whoseTurn;
        -:  350:}
        -:  351:
function endTurn called 0 returned 0% blocks executed 0%
    #####:  352:int endTurn(struct gameState *state) {
        -:  353:  int k;
        -:  354:  int i;
    #####:  355:  int currentPlayer = whoseTurn(state);
call    0 never executed
        -:  356:  
        -:  357:  //Discard hand
    #####:  358:  for (i = 0; i < state->handCount[currentPlayer]; i++){
branch  0 never executed
branch  1 never executed
    #####:  359:    state->discard[currentPlayer][state->discardCount[currentPlayer]++] = state->hand[currentPlayer][i];//Discard
    #####:  360:    state->hand[currentPlayer][i] = -1;//Set card to -1
        -:  361:  }
    #####:  362:  state->handCount[currentPlayer] = 0;//Reset hand count
        -:  363:    
        -:  364:  //Code for determining the player
    #####:  365:  if (currentPlayer < (state->numPlayers - 1)){ 
branch  0 never executed
branch  1 never executed
    #####:  366:    state->whoseTurn = currentPlayer + 1;//Still safe to increment
        -:  367:  }
        -:  368:  else{
    #####:  369:    state->whoseTurn = 0;//Max player has been reached, loop back around to player 1
        -:  370:  }
        -:  371:
    #####:  372:  state->outpostPlayed = 0;
    #####:  373:  state->phase = 0;
    #####:  374:  state->numActions = 1;
    #####:  375:  state->coins = 0;
    #####:  376:  state->numBuys = 1;
    #####:  377:  state->playedCardCount = 0;
    #####:  378:  state->handCount[state->whoseTurn] = 0;
        -:  379:
        -:  380:  //int k; move to top
        -:  381:  //Next player draws hand
    #####:  382:  for (k = 0; k < 5; k++){
branch  0 never executed
branch  1 never executed
    #####:  383:    drawCard(state->whoseTurn, state);//Draw a card
call    0 never executed
        -:  384:  }
        -:  385:
        -:  386:  //Update money
    #####:  387:  updateCoins(state->whoseTurn, state , 0);
call    0 never executed
        -:  388:
    #####:  389:  return 0;
        -:  390:}
        -:  391:
function isGameOver called 5 returned 100% blocks executed 100%
        5:  392:int isGameOver(struct gameState *state) {
        -:  393:  int i;
        -:  394:  int j;
        -:  395:	
        -:  396:  //if stack of Province cards is empty, the game ends
        5:  397:  if (state->supplyCount[province] == 0)
branch  0 taken 20% (fallthrough)
branch  1 taken 80%
        -:  398:    {
        1:  399:      return 1;
        -:  400:    }
        -:  401:
        -:  402:  //if three supply pile are at 0, the game ends
        4:  403:  j = 0;
      104:  404:  for (i = 0; i < 25; i++)
branch  0 taken 96%
branch  1 taken 4% (fallthrough)
        -:  405:    {
      100:  406:      if (state->supplyCount[i] == 0)
branch  0 taken 6% (fallthrough)
branch  1 taken 94%
        -:  407:	{
        6:  408:	  j++;
        -:  409:	}
        -:  410:    }
        4:  411:  if ( j >= 3)
branch  0 taken 25% (fallthrough)
branch  1 taken 75%
        -:  412:    {
        1:  413:      return 1;
        -:  414:    }
        -:  415:
        3:  416:  return 0;
        -:  417:}
        -:  418:
function scoreFor called 0 returned 0% blocks executed 0%
    #####:  419:int scoreFor (int player, struct gameState *state) {
        -:  420:
        -:  421:  int i;
    #####:  422:  int score = 0;
        -:  423:  //score from hand
    #####:  424:  for (i = 0; i < state->handCount[player]; i++)
branch  0 never executed
branch  1 never executed
        -:  425:    {
    #####:  426:      if (state->hand[player][i] == curse) { score = score - 1; };
branch  0 never executed
branch  1 never executed
    #####:  427:      if (state->hand[player][i] == estate) { score = score + 1; };
branch  0 never executed
branch  1 never executed
    #####:  428:      if (state->hand[player][i] == duchy) { score = score + 3; };
branch  0 never executed
branch  1 never executed
    #####:  429:      if (state->hand[player][i] == province) { score = score + 6; };
branch  0 never executed
branch  1 never executed
    #####:  430:      if (state->hand[player][i] == great_hall) { score = score + 1; };
branch  0 never executed
branch  1 never executed
    #####:  431:      if (state->hand[player][i] == gardens) { score = score + ( fullDeckCount(player, 0, state) / 10 ); };
branch  0 never executed
branch  1 never executed
call    2 never executed
        -:  432:    }
        -:  433:
        -:  434:  //score from discard
    #####:  435:  for (i = 0; i < state->discardCount[player]; i++)
branch  0 never executed
branch  1 never executed
        -:  436:    {
    #####:  437:      if (state->discard[player][i] == curse) { score = score - 1; };
branch  0 never executed
branch  1 never executed
    #####:  438:      if (state->discard[player][i] == estate) { score = score + 1; };
branch  0 never executed
branch  1 never executed
    #####:  439:      if (state->discard[player][i] == duchy) { score = score + 3; };
branch  0 never executed
branch  1 never executed
    #####:  440:      if (state->discard[player][i] == province) { score = score + 6; };
branch  0 never executed
branch  1 never executed
    #####:  441:      if (state->discard[player][i] == great_hall) { score = score + 1; };
branch  0 never executed
branch  1 never executed
    #####:  442:      if (state->discard[player][i] == gardens) { score = score + ( fullDeckCount(player, 0, state) / 10 ); };
branch  0 never executed
branch  1 never executed
call    2 never executed
        -:  443:    }
        -:  444:
        -:  445:  //score from deck
    #####:  446:  for (i = 0; i < state->discardCount[player]; i++)
branch  0 never executed
branch  1 never executed
        -:  447:    {
    #####:  448:      if (state->deck[player][i] == curse) { score = score - 1; };
branch  0 never executed
branch  1 never executed
    #####:  449:      if (state->deck[player][i] == estate) { score = score + 1; };
branch  0 never executed
branch  1 never executed
    #####:  450:      if (state->deck[player][i] == duchy) { score = score + 3; };
branch  0 never executed
branch  1 never executed
    #####:  451:      if (state->deck[player][i] == province) { score = score + 6; };
branch  0 never executed
branch  1 never executed
    #####:  452:      if (state->deck[player][i] == great_hall) { score = score + 1; };
branch  0 never executed
branch  1 never executed
    #####:  453:      if (state->deck[player][i] == gardens) { score = score + ( fullDeckCount(player, 0, state) / 10 ); };
branch  0 never executed
branch  1 never executed
call    2 never executed
        -:  454:    }
        -:  455:
    #####:  456:  return score;
        -:  457:}
        -:  458:
function getWinners called 0 returned 0% blocks executed 0%
    #####:  459:int getWinners(int players[MAX_PLAYERS], struct gameState *state) {
        -:  460:  int i;	
        -:  461:  int j;
        -:  462:  int highScore;
        -:  463:  int currentPlayer;
        -:  464:
        -:  465:  //get score for each player
    #####:  466:  for (i = 0; i < MAX_PLAYERS; i++)
branch  0 never executed
branch  1 never executed
        -:  467:    {
        -:  468:      //set unused player scores to -9999
    #####:  469:      if (i >= state->numPlayers)
branch  0 never executed
branch  1 never executed
        -:  470:	{
    #####:  471:	  players[i] = -9999;
        -:  472:	}
        -:  473:      else
        -:  474:	{
    #####:  475:	  players[i] = scoreFor (i, state);
call    0 never executed
        -:  476:	}
        -:  477:    }
        -:  478:
        -:  479:  //find highest score
    #####:  480:  j = 0;
    #####:  481:  for (i = 0; i < MAX_PLAYERS; i++)
branch  0 never executed
branch  1 never executed
        -:  482:    {
    #####:  483:      if (players[i] > players[j])
branch  0 never executed
branch  1 never executed
        -:  484:	{
    #####:  485:	  j = i;
        -:  486:	}
        -:  487:    }
    #####:  488:  highScore = players[j];
        -:  489:
        -:  490:  //add 1 to players who had less turns
    #####:  491:  currentPlayer = whoseTurn(state);
call    0 never executed
    #####:  492:  for (i = 0; i < MAX_PLAYERS; i++)
branch  0 never executed
branch  1 never executed
        -:  493:    {
    #####:  494:      if ( players[i] == highScore && i > currentPlayer )
branch  0 never executed
branch  1 never executed
branch  2 never executed
branch  3 never executed
        -:  495:	{
    #####:  496:	  players[i]++;
        -:  497:	}
        -:  498:    }
        -:  499:
        -:  500:  //find new highest score
    #####:  501:  j = 0;
    #####:  502:  for (i = 0; i < MAX_PLAYERS; i++)
branch  0 never executed
branch  1 never executed
        -:  503:    {
    #####:  504:      if ( players[i] > players[j] )
branch  0 never executed
branch  1 never executed
        -:  505:	{
    #####:  506:	  j = i;
        -:  507:	}
        -:  508:    }
    #####:  509:  highScore = players[j];
        -:  510:
        -:  511:  //set winners in array to 1 and rest to 0
    #####:  512:  for (i = 0; i < MAX_PLAYERS; i++)
branch  0 never executed
branch  1 never executed
        -:  513:    {
    #####:  514:      if ( players[i] == highScore )
branch  0 never executed
branch  1 never executed
        -:  515:	{
    #####:  516:	  players[i] = 1;
        -:  517:	}
        -:  518:      else
        -:  519:	{
    #####:  520:	  players[i] = 0;
        -:  521:	}
        -:  522:    }
        -:  523:
    #####:  524:  return 0;
        -:  525:}
        -:  526:
function drawCard called 59 returned 100% blocks executed 38%
       59:  527:int drawCard(int player, struct gameState *state)
        -:  528:{	int count;
        -:  529:  int deckCounter;
       59:  530:  if (state->deckCount[player] <= 0){//Deck is empty
branch  0 taken 0% (fallthrough)
branch  1 taken 100%
        -:  531:    
        -:  532:    //Step 1 Shuffle the discard pile back into a deck
        -:  533:    int i;
        -:  534:    //Move discard to deck
    #####:  535:    for (i = 0; i < state->discardCount[player];i++){
branch  0 never executed
branch  1 never executed
    #####:  536:      state->deck[player][i] = state->discard[player][i];
    #####:  537:      state->discard[player][i] = -1;
        -:  538:    }
        -:  539:
    #####:  540:    state->deckCount[player] = state->discardCount[player];
    #####:  541:    state->discardCount[player] = 0;//Reset discard
        -:  542:
        -:  543:    //Shufffle the deck
    #####:  544:    shuffle(player, state);//Shuffle the deck up and make it so that we can draw
call    0 never executed
        -:  545:   
        -:  546:    if (DEBUG){//Debug statements
        -:  547:      printf("Deck count now: %d\n", state->deckCount[player]);
        -:  548:    }
        -:  549:    
    #####:  550:    state->discardCount[player] = 0;
        -:  551:
        -:  552:    //Step 2 Draw Card
    #####:  553:    count = state->handCount[player];//Get current player's hand count
        -:  554:    
        -:  555:    if (DEBUG){//Debug statements
        -:  556:      printf("Current hand count: %d\n", count);
        -:  557:    }
        -:  558:    
    #####:  559:    deckCounter = state->deckCount[player];//Create a holder for the deck count
        -:  560:
    #####:  561:    if (deckCounter == 0)
branch  0 never executed
branch  1 never executed
    #####:  562:      return -1;
        -:  563:
    #####:  564:    state->hand[player][count] = state->deck[player][deckCounter - 1];//Add card to hand
    #####:  565:    state->deckCount[player]--;
    #####:  566:    state->handCount[player]++;//Increment hand count
        -:  567:  }
        -:  568:
        -:  569:  else{
       59:  570:    int count = state->handCount[player];//Get current hand count for player
        -:  571:    int deckCounter;
        -:  572:    if (DEBUG){//Debug statements
        -:  573:      printf("Current hand count: %d\n", count);
        -:  574:    }
        -:  575:
       59:  576:    deckCounter = state->deckCount[player];//Create holder for the deck count
       59:  577:    state->hand[player][count] = state->deck[player][deckCounter - 1];//Add card to the hand
       59:  578:    state->deckCount[player]--;
       59:  579:    state->handCount[player]++;//Increment hand count
        -:  580:  }
        -:  581:
       59:  582:  return 0;
        -:  583:}
        -:  584:
function getCost called 0 returned 0% blocks executed 0%
    #####:  585:int getCost(int cardNumber)
        -:  586:{
    #####:  587:  switch( cardNumber ) 
branch  0 never executed
branch  1 never executed
branch  2 never executed
branch  3 never executed
branch  4 never executed
branch  5 never executed
branch  6 never executed
branch  7 never executed
branch  8 never executed
branch  9 never executed
branch 10 never executed
branch 11 never executed
branch 12 never executed
branch 13 never executed
branch 14 never executed
branch 15 never executed
branch 16 never executed
branch 17 never executed
branch 18 never executed
branch 19 never executed
branch 20 never executed
branch 21 never executed
branch 22 never executed
branch 23 never executed
branch 24 never executed
branch 25 never executed
branch 26 never executed
branch 27 never executed
        -:  588:    {
        -:  589:    case curse:
    #####:  590:      return 0;
        -:  591:    case estate:
    #####:  592:      return 2;
        -:  593:    case duchy:
    #####:  594:      return 5;
        -:  595:    case province:
    #####:  596:      return 8;
        -:  597:    case copper:
    #####:  598:      return 0;
        -:  599:    case silver:
    #####:  600:      return 3;
        -:  601:    case gold:
    #####:  602:      return 6;
        -:  603:    case adventurer:
    #####:  604:      return 6;
        -:  605:    case council_room:
    #####:  606:      return 5;
        -:  607:    case feast:
    #####:  608:      return 4;
        -:  609:    case gardens:
    #####:  610:      return 4;
        -:  611:    case mine:
    #####:  612:      return 5;
        -:  613:    case remodel:
    #####:  614:      return 4;
        -:  615:    case smithy:
    #####:  616:      return 4;
        -:  617:    case village:
    #####:  618:      return 3;
        -:  619:    case baron:
    #####:  620:      return 4;
        -:  621:    case great_hall:
    #####:  622:      return 3;
        -:  623:    case minion:
    #####:  624:      return 5;
        -:  625:    case steward:
    #####:  626:      return 3;
        -:  627:    case tribute:
    #####:  628:      return 5;
        -:  629:    case ambassador:
    #####:  630:      return 3;
        -:  631:    case cutpurse:
    #####:  632:      return 4;
        -:  633:    case embargo: 
    #####:  634:      return 2;
        -:  635:    case outpost:
    #####:  636:      return 5;
        -:  637:    case salvager:
    #####:  638:      return 4;
        -:  639:    case sea_hag:
    #####:  640:      return 4;
        -:  641:    case treasure_map:
    #####:  642:      return 4;
        -:  643:    }
        -:  644:	
    #####:  645:  return -1;
        -:  646:}
        -:  647:
function smithy_Card called 1 returned 100% blocks executed 100%
        1:  648:int smithy_Card(int handPos, int currentPlayer, struct gameState *state){
        -:  649:	//+3 Cards
        -:  650:	int i;
        -:  651:	
        3:  652:    for (i = 1; i < 3; i++)
branch  0 taken 67%
branch  1 taken 33% (fallthrough)
        -:  653:	{
        2:  654:	  drawCard(currentPlayer, state);
call    0 returned 100%
        -:  655:	}
        -:  656:			
        -:  657:      //discard card from hand
        1:  658:      discardCard(handPos, currentPlayer, state, 0);
call    0 returned 100%
        1:  659:      return 0;
        -:  660:	
        -:  661:}
        -:  662:
function adventurer_Card called 1 returned 100% blocks executed 77%
        1:  663:int adventurer_Card(int drawntreasure, int currentPlayer, int cardDrawn, int temphand[], struct gameState *state){
        1:  664:    int z = 0; 
        4:  665:	  while(drawntreasure<2){
branch  0 taken 67%
branch  1 taken 33% (fallthrough)
        2:  666:	if (state->deckCount[currentPlayer] <1){//if the deck is empty we need to shuffle discard and add to deck
branch  0 taken 0% (fallthrough)
branch  1 taken 100%
    #####:  667:	  shuffle(currentPlayer, state);
call    0 never executed
        -:  668:	}
        2:  669:	drawCard(currentPlayer, state);
call    0 returned 100%
        2:  670:	cardDrawn = state->hand[currentPlayer][state->handCount[currentPlayer]-1];//top card of hand is most recently drawn card.
        2:  671:	if (cardDrawn == copper)
branch  0 taken 100% (fallthrough)
branch  1 taken 0%
        2:  672:	  drawntreasure++;
        -:  673:	else{
    #####:  674:	  temphand[z]=cardDrawn;
    #####:  675:	  state->handCount[currentPlayer]--; //this should just remove the top card (the most recently drawn one).
    #####:  676:	  z++;
        -:  677:	}
        -:  678:      }
        2:  679:      while(z-1>=0){
branch  0 taken 0%
branch  1 taken 100% (fallthrough)
    #####:  680:	state->discard[currentPlayer][state->discardCount[currentPlayer]++]=temphand[z-1]; // discard all cards in play that have been drawn
    #####:  681:	z=z-1;
        -:  682:      }
        1:  683:      return 0;
        -:  684:}
        -:  685:
function greatHall_Card called 1 returned 100% blocks executed 100%
        1:  686:int greatHall_Card(int handPos, int currentPlayer, struct gameState *state){
        -:  687:      //+1 Card
        1:  688:      drawCard(currentPlayer, state);
call    0 returned 100%
        -:  689:			
        -:  690:      //+1 Actions
        1:  691:      state->numActions++;
        -:  692:			
        -:  693:      //discard card from hand
        1:  694:      discardCard(handPos, currentPlayer, state, 0);
call    0 returned 100%
        1:  695:      return 0;	
        -:  696:	
        -:  697:}
function minion_card called 0 returned 0% blocks executed 0%
    #####:  698:int minion_card(int handPos, int currentPlayer, int choice1, int choice2, struct gameState *state){
        -:  699:			
        -:  700:      //discard card from hand
    #####:  701:      discardCard(handPos, currentPlayer, state, 0);
call    0 never executed
        -:  702:			
    #####:  703:      if (choice1)		//+2 coins
branch  0 never executed
branch  1 never executed
        -:  704:	{
    #####:  705:	  state->coins = state->coins + 2;
        -:  706:	}
        -:  707:			
    #####:  708:      else if (choice2)		//discard hand, redraw 4, other players with 5+ cards discard hand and draw 4
branch  0 never executed
branch  1 never executed
        -:  709:	{
        -:  710:	  //discard hand
    #####:  711:	  while(numHandCards(state) > 0)
call    0 never executed
branch  1 never executed
branch  2 never executed
        -:  712:	    {
    #####:  713:	      discardCard(handPos, currentPlayer, state, 0);
call    0 never executed
        -:  714:	    }
        -:  715:				
        -:  716:	  //draw 4
        -:  717:	  int i; 
    #####:  718:	  for (i = 0; i < 4; i++)
branch  0 never executed
branch  1 never executed
        -:  719:	    {
    #####:  720:	      drawCard(currentPlayer, state);
call    0 never executed
        -:  721:	    }
        -:  722:				
        -:  723:	  //other players discard hand and redraw if hand size > 4
    #####:  724:	  for (i = 0; i < state->numPlayers; i++)
branch  0 never executed
branch  1 never executed
        -:  725:	    {
    #####:  726:	      if (i != currentPlayer)
branch  0 never executed
branch  1 never executed
        -:  727:		{
    #####:  728:		  if ( state->handCount[i] > 4 )
branch  0 never executed
branch  1 never executed
        -:  729:		    {
        -:  730:		      //discard hand
    #####:  731:		      while( state->handCount[i] > 0 )
branch  0 never executed
branch  1 never executed
        -:  732:			{
    #####:  733:			  discardCard(handPos, i, state, 0);
call    0 never executed
        -:  734:			}
        -:  735:							
        -:  736:		      //draw 4
        -:  737:			int j; 
    #####:  738:		      for (j = 0; j < 4; j++)
branch  0 never executed
branch  1 never executed
        -:  739:			{
    #####:  740:			  drawCard(i, state);
call    0 never executed
        -:  741:			}
        -:  742:		    }
        -:  743:		}
        -:  744:	    }
        -:  745:				
        -:  746:	}
    #####:  747:      return 0;
        -:  748:}
        -:  749:
        -:  750:
function steward_Card called 3 returned 100% blocks executed 100%
        3:  751:int steward_Card(int handPos, int currentPlayer, int choice1, int choice2, int choice3, struct gameState *state){
        3:  752:      if (choice1 == 1)
branch  0 taken 33% (fallthrough)
branch  1 taken 67%
        -:  753:	{
        -:  754:	  //+2 coins
        1:  755:	  state->coins = state->coins + 2;
        -:  756:	}
        2:  757:      else if (choice1 == 2)
branch  0 taken 50% (fallthrough)
branch  1 taken 50%
        -:  758:	{
        -:  759:	  //+2 cards
        1:  760:	  drawCard(currentPlayer, state);
call    0 returned 100%
        1:  761:	  drawCard(currentPlayer, state);
call    0 returned 100%
        -:  762:	}
        -:  763:      else
        -:  764:	{
        -:  765:	  //trash 2 cards in hand
        1:  766:	  discardCard(choice2, currentPlayer, state, 1);
call    0 returned 100%
        1:  767:	  discardCard(choice3, currentPlayer, state, 1);
call    0 returned 100%
        -:  768:	}
        -:  769:			
        -:  770:      //discard card from hand
        3:  771:      discardCard(handPos, currentPlayer, state, 0);
call    0 returned 100%
        3:  772:      return 0;	
        -:  773:	
        -:  774:} 
        -:  775:
function cardEffect called 0 returned 0% blocks executed 0%
    #####:  776:int cardEffect(int card, int choice1, int choice2, int choice3, struct gameState *state, int handPos, int *bonus)
        -:  777:{
        -:  778:  int i;
        -:  779:  int j;
        -:  780:  int k;
        -:  781:  int x;
        -:  782:  int index;
    #####:  783:  int currentPlayer = whoseTurn(state);
call    0 never executed
    #####:  784:  int nextPlayer = currentPlayer + 1;
        -:  785:
    #####:  786:  int tributeRevealedCards[2] = {-1, -1};
        -:  787:  int temphand[MAX_HAND];// moved above the if statement
    #####:  788:  int drawntreasure=0;
        -:  789:  int cardDrawn;
    #####:  790:  int z = 0;// this is the counter for the temp hand
    #####:  791:  if (nextPlayer > (state->numPlayers - 1)){
branch  0 never executed
branch  1 never executed
    #####:  792:    nextPlayer = 0;
        -:  793:  }
        -:  794:  
        -:  795:	
        -:  796:  //uses switch to select card and perform actions
    #####:  797:  switch( card ) 
branch  0 never executed
branch  1 never executed
branch  2 never executed
branch  3 never executed
branch  4 never executed
branch  5 never executed
branch  6 never executed
branch  7 never executed
branch  8 never executed
branch  9 never executed
branch 10 never executed
branch 11 never executed
branch 12 never executed
branch 13 never executed
branch 14 never executed
branch 15 never executed
branch 16 never executed
branch 17 never executed
branch 18 never executed
branch 19 never executed
branch 20 never executed
        -:  798:    {
        -:  799:    case adventurer:
    #####:  800:		return adventurer_Card(drawntreasure, currentPlayer, cardDrawn, temphand, state);
call    0 never executed
        -:  801:			
        -:  802:    case council_room:
        -:  803:      //+4 Cards
    #####:  804:      for (i = 0; i < 4; i++)
branch  0 never executed
branch  1 never executed
        -:  805:	{
    #####:  806:	  drawCard(currentPlayer, state);
call    0 never executed
        -:  807:	}
        -:  808:			
        -:  809:      //+1 Buy
    #####:  810:      state->numBuys++;
        -:  811:			
        -:  812:      //Each other player draws a card
    #####:  813:      for (i = 0; i < state->numPlayers; i++)
branch  0 never executed
branch  1 never executed
        -:  814:	{
    #####:  815:	  if ( i != currentPlayer )
branch  0 never executed
branch  1 never executed
        -:  816:	    {
    #####:  817:	      drawCard(i, state);
call    0 never executed
        -:  818:	    }
        -:  819:	}
        -:  820:			
        -:  821:      //put played card in played card pile
    #####:  822:      discardCard(handPos, currentPlayer, state, 0);
call    0 never executed
        -:  823:			
    #####:  824:      return 0;
        -:  825:			
        -:  826:    case feast:
        -:  827:      //gain card with cost up to 5
        -:  828:      //Backup hand
    #####:  829:      for (i = 0; i <= state->handCount[currentPlayer]; i++){
branch  0 never executed
branch  1 never executed
    #####:  830:	temphand[i] = state->hand[currentPlayer][i];//Backup card
    #####:  831:	state->hand[currentPlayer][i] = -1;//Set to nothing
        -:  832:      }
        -:  833:      //Backup hand
        -:  834:
        -:  835:      //Update Coins for Buy
    #####:  836:      updateCoins(currentPlayer, state, 5);
call    0 never executed
    #####:  837:      x = 1;//Condition to loop on
    #####:  838:      while( x == 1) {//Buy one card
branch  0 never executed
branch  1 never executed
    #####:  839:	if (supplyCount(choice1, state) <= 0){
call    0 never executed
branch  1 never executed
branch  2 never executed
        -:  840:	  if (DEBUG)
        -:  841:	    printf("None of that card left, sorry!\n");
        -:  842:
        -:  843:	  if (DEBUG){
        -:  844:	    printf("Cards Left: %d\n", supplyCount(choice1, state));
        -:  845:	  }
        -:  846:	}
    #####:  847:	else if (state->coins < getCost(choice1)){
call    0 never executed
branch  1 never executed
branch  2 never executed
    #####:  848:	  printf("That card is too expensive!\n");
call    0 never executed
        -:  849:
        -:  850:	  if (DEBUG){
        -:  851:	    printf("Coins: %d < %d\n", state->coins, getCost(choice1));
        -:  852:	  }
        -:  853:	}
        -:  854:	else{
        -:  855:
        -:  856:	  if (DEBUG){
        -:  857:	    printf("Deck Count: %d\n", state->handCount[currentPlayer] + state->deckCount[currentPlayer] + state->discardCount[currentPlayer]);
        -:  858:	  }
        -:  859:
    #####:  860:	  gainCard(choice1, state, 0, currentPlayer);//Gain the card
call    0 never executed
    #####:  861:	  x = 0;//No more buying cards
        -:  862:
        -:  863:	  if (DEBUG){
        -:  864:	    printf("Deck Count: %d\n", state->handCount[currentPlayer] + state->deckCount[currentPlayer] + state->discardCount[currentPlayer]);
        -:  865:	  }
        -:  866:
        -:  867:	}
        -:  868:      }     
        -:  869:
        -:  870:      //Reset Hand
    #####:  871:      for (i = 0; i <= state->handCount[currentPlayer]; i++){
branch  0 never executed
branch  1 never executed
    #####:  872:	state->hand[currentPlayer][i] = temphand[i];
    #####:  873:	temphand[i] = -1;
        -:  874:      }
        -:  875:      //Reset Hand
        -:  876:      			
    #####:  877:      return 0;
        -:  878:			
        -:  879:    case gardens:
    #####:  880:      return -1;
        -:  881:			
        -:  882:    case mine:
    #####:  883:      j = state->hand[currentPlayer][choice1];  //store card we will trash
        -:  884:
    #####:  885:      if (state->hand[currentPlayer][choice1] < copper || state->hand[currentPlayer][choice1] > gold)
branch  0 never executed
branch  1 never executed
branch  2 never executed
branch  3 never executed
        -:  886:	{
    #####:  887:	  return -1;
        -:  888:	}
        -:  889:		
    #####:  890:      if (choice2 > treasure_map || choice2 < curse)
branch  0 never executed
branch  1 never executed
branch  2 never executed
branch  3 never executed
        -:  891:	{
    #####:  892:	  return -1;
        -:  893:	}
        -:  894:
    #####:  895:      if ( (getCost(state->hand[currentPlayer][choice1]) + 3) > getCost(choice2) )
call    0 never executed
call    1 never executed
branch  2 never executed
branch  3 never executed
        -:  896:	{
    #####:  897:	  return -1;
        -:  898:	}
        -:  899:
    #####:  900:      gainCard(choice2, state, 2, currentPlayer);
call    0 never executed
        -:  901:
        -:  902:      //discard card from hand
    #####:  903:      discardCard(handPos, currentPlayer, state, 0);
call    0 never executed
        -:  904:
        -:  905:      //discard trashed card
    #####:  906:      for (i = 0; i < state->handCount[currentPlayer]; i++)
branch  0 never executed
branch  1 never executed
        -:  907:	{
    #####:  908:	  if (state->hand[currentPlayer][i] == j)
branch  0 never executed
branch  1 never executed
        -:  909:	    {
    #####:  910:	      discardCard(i, currentPlayer, state, 0);			
call    0 never executed
    #####:  911:	      break;
        -:  912:	    }
        -:  913:	}
        -:  914:			
    #####:  915:      return 0;
        -:  916:			
        -:  917:    case remodel:
    #####:  918:      j = state->hand[currentPlayer][choice1];  //store card we will trash
        -:  919:
    #####:  920:      if ( (getCost(state->hand[currentPlayer][choice1]) + 2) > getCost(choice2) )
call    0 never executed
call    1 never executed
branch  2 never executed
branch  3 never executed
        -:  921:	{
    #####:  922:	  return -1;
        -:  923:	}
        -:  924:
    #####:  925:      gainCard(choice2, state, 0, currentPlayer);
call    0 never executed
        -:  926:
        -:  927:      //discard card from hand
    #####:  928:      discardCard(handPos, currentPlayer, state, 0);
call    0 never executed
        -:  929:
        -:  930:      //discard trashed card
    #####:  931:      for (i = 0; i < state->handCount[currentPlayer]; i++)
branch  0 never executed
branch  1 never executed
        -:  932:	{
    #####:  933:	  if (state->hand[currentPlayer][i] == j)
branch  0 never executed
branch  1 never executed
        -:  934:	    {
    #####:  935:	      discardCard(i, currentPlayer, state, 0);			
call    0 never executed
    #####:  936:	      break;
        -:  937:	    }
        -:  938:	}
        -:  939:
        -:  940:
    #####:  941:      return 0;
        -:  942:		
        -:  943:    case smithy:
    #####:  944:		return smithy_Card(handPos, currentPlayer, state);
call    0 never executed
        -:  945:		
        -:  946:    case village:
        -:  947:      //+1 Card
    #####:  948:      drawCard(currentPlayer, state);
call    0 never executed
        -:  949:			
        -:  950:      //+2 Actions
    #####:  951:      state->numActions = state->numActions + 2;
        -:  952:			
        -:  953:      //discard played card from hand
    #####:  954:      discardCard(handPos, currentPlayer, state, 0);
call    0 never executed
    #####:  955:      return 0;
        -:  956:		
        -:  957:    case baron:
    #####:  958:      state->numBuys++;//Increase buys by 1!
    #####:  959:      if (choice1 > 0){//Boolean true or going to discard an estate
branch  0 never executed
branch  1 never executed
    #####:  960:	int p = 0;//Iterator for hand!
    #####:  961:	int card_not_discarded = 1;//Flag for discard set!
    #####:  962:	while(card_not_discarded){
branch  0 never executed
branch  1 never executed
    #####:  963:	  if (state->hand[currentPlayer][p] == estate){//Found an estate card!
branch  0 never executed
branch  1 never executed
    #####:  964:	    state->coins += 4;//Add 4 coins to the amount of coins
    #####:  965:	    state->discard[currentPlayer][state->discardCount[currentPlayer]] = state->hand[currentPlayer][p];
    #####:  966:	    state->discardCount[currentPlayer]++;
    #####:  967:	    for (;p < state->handCount[currentPlayer]; p++){
branch  0 never executed
branch  1 never executed
    #####:  968:	      state->hand[currentPlayer][p] = state->hand[currentPlayer][p+1];
        -:  969:	    }
    #####:  970:	    state->hand[currentPlayer][state->handCount[currentPlayer]] = -1;
    #####:  971:	    state->handCount[currentPlayer]--;
    #####:  972:	    card_not_discarded = 0;//Exit the loop
        -:  973:	  }
    #####:  974:	  else if (p > state->handCount[currentPlayer]){
branch  0 never executed
branch  1 never executed
        -:  975:	    if(DEBUG) {
        -:  976:	      printf("No estate cards in your hand, invalid choice\n");
        -:  977:	      printf("Must gain an estate if there are any\n");
        -:  978:	    }
    #####:  979:	    if (supplyCount(estate, state) > 0){
call    0 never executed
branch  1 never executed
branch  2 never executed
    #####:  980:	      gainCard(estate, state, 0, currentPlayer);
call    0 never executed
    #####:  981:	      state->supplyCount[estate]--;//Decrement estates
    #####:  982:	      if (supplyCount(estate, state) == 0){
call    0 never executed
branch  1 never executed
branch  2 never executed
    #####:  983:		isGameOver(state);
call    0 never executed
        -:  984:	      }
        -:  985:	    }
    #####:  986:	    card_not_discarded = 0;//Exit the loop
        -:  987:	  }
        -:  988:			    
        -:  989:	  else{
    #####:  990:	    p++;//Next card
        -:  991:	  }
        -:  992:	}
        -:  993:      }
        -:  994:			    
        -:  995:      else{
    #####:  996:	if (supplyCount(estate, state) > 0){
call    0 never executed
branch  1 never executed
branch  2 never executed
    #####:  997:	  gainCard(estate, state, 0, currentPlayer);//Gain an estate
call    0 never executed
    #####:  998:	  state->supplyCount[estate]--;//Decrement Estates
    #####:  999:	  if (supplyCount(estate, state) == 0){
call    0 never executed
branch  1 never executed
branch  2 never executed
    #####: 1000:	    isGameOver(state);
call    0 never executed
        -: 1001:	  }
        -: 1002:	}
        -: 1003:      }
        -: 1004:	    
        -: 1005:      
    #####: 1006:      return 0;
        -: 1007:		
        -: 1008:    case great_hall:
    #####: 1009:		return greatHall_Card(handPos, currentPlayer, state);
call    0 never executed
        -: 1010:		
        -: 1011:    case minion:
    #####: 1012:		return minion_card(handPos, currentPlayer, choice1, choice2, state);
call    0 never executed
        -: 1013:		
        -: 1014:    case steward:
    #####: 1015:		return steward_Card(handPos, currentPlayer, choice1, choice2, choice3, state);
call    0 never executed
        -: 1016:		
        -: 1017:    case tribute:
    #####: 1018:      if ((state->discardCount[nextPlayer] + state->deckCount[nextPlayer]) <= 1){
branch  0 never executed
branch  1 never executed
    #####: 1019:	if (state->deckCount[nextPlayer] > 0){
branch  0 never executed
branch  1 never executed
    #####: 1020:	  tributeRevealedCards[0] = state->deck[nextPlayer][state->deckCount[nextPlayer]-1];
    #####: 1021:	  state->deckCount[nextPlayer]--;
        -: 1022:	}
    #####: 1023:	else if (state->discardCount[nextPlayer] > 0){
branch  0 never executed
branch  1 never executed
    #####: 1024:	  tributeRevealedCards[0] = state->discard[nextPlayer][state->discardCount[nextPlayer]-1];
    #####: 1025:	  state->discardCount[nextPlayer]--;
        -: 1026:	}
        -: 1027:	else{
        -: 1028:	  //No Card to Reveal
        -: 1029:	  if (DEBUG){
        -: 1030:	    printf("No cards to reveal\n");
        -: 1031:	  }
        -: 1032:	}
        -: 1033:      }
        -: 1034:	    
        -: 1035:      else{
    #####: 1036:	if (state->deckCount[nextPlayer] == 0){
branch  0 never executed
branch  1 never executed
    #####: 1037:	  for (i = 0; i < state->discardCount[nextPlayer]; i++){
branch  0 never executed
branch  1 never executed
    #####: 1038:	    state->deck[nextPlayer][i] = state->discard[nextPlayer][i];//Move to deck
    #####: 1039:	    state->deckCount[nextPlayer]++;
    #####: 1040:	    state->discard[nextPlayer][i] = -1;
    #####: 1041:	    state->discardCount[nextPlayer]--;
        -: 1042:	  }
        -: 1043:			    
    #####: 1044:	  shuffle(nextPlayer,state);//Shuffle the deck
call    0 never executed
        -: 1045:	} 
    #####: 1046:	tributeRevealedCards[0] = state->deck[nextPlayer][state->deckCount[nextPlayer]-1];
    #####: 1047:	state->deck[nextPlayer][state->deckCount[nextPlayer]--] = -1;
    #####: 1048:	state->deckCount[nextPlayer]--;
    #####: 1049:	tributeRevealedCards[1] = state->deck[nextPlayer][state->deckCount[nextPlayer]-1];
    #####: 1050:	state->deck[nextPlayer][state->deckCount[nextPlayer]--] = -1;
    #####: 1051:	state->deckCount[nextPlayer]--;
        -: 1052:      }    
        -: 1053:		       
    #####: 1054:      if (tributeRevealedCards[0] == tributeRevealedCards[1]){//If we have a duplicate card, just drop one 
branch  0 never executed
branch  1 never executed
    #####: 1055:	state->playedCards[state->playedCardCount] = tributeRevealedCards[1];
    #####: 1056:	state->playedCardCount++;
    #####: 1057:	tributeRevealedCards[1] = -1;
        -: 1058:      }
        -: 1059:
    #####: 1060:      for (i = 0; i <= 2; i ++){
branch  0 never executed
branch  1 never executed
    #####: 1061:	if (tributeRevealedCards[i] == copper || tributeRevealedCards[i] == silver || tributeRevealedCards[i] == gold){//Treasure cards
branch  0 never executed
branch  1 never executed
branch  2 never executed
branch  3 never executed
branch  4 never executed
branch  5 never executed
    #####: 1062:	  state->coins += 2;
        -: 1063:	}
        -: 1064:		    
    #####: 1065:	else if (tributeRevealedCards[i] == estate || tributeRevealedCards[i] == duchy || tributeRevealedCards[i] == province || tributeRevealedCards[i] == gardens || tributeRevealedCards[i] == great_hall){//Victory Card Found
branch  0 never executed
branch  1 never executed
branch  2 never executed
branch  3 never executed
branch  4 never executed
branch  5 never executed
branch  6 never executed
branch  7 never executed
branch  8 never executed
branch  9 never executed
    #####: 1066:	  drawCard(currentPlayer, state);
call    0 never executed
    #####: 1067:	  drawCard(currentPlayer, state);
call    0 never executed
        -: 1068:	}
        -: 1069:	else{//Action Card
    #####: 1070:	  state->numActions = state->numActions + 2;
        -: 1071:	}
        -: 1072:      }
        -: 1073:	    
    #####: 1074:      return 0;
        -: 1075:		
        -: 1076:    case ambassador:
    #####: 1077:      j = 0;		//used to check if player has enough cards to discard
        -: 1078:
    #####: 1079:      if (choice2 > 2 || choice2 < 0)
branch  0 never executed
branch  1 never executed
branch  2 never executed
branch  3 never executed
        -: 1080:	{
    #####: 1081:	  return -1;				
        -: 1082:	}
        -: 1083:
    #####: 1084:      if (choice1 == handPos)
branch  0 never executed
branch  1 never executed
        -: 1085:	{
    #####: 1086:	  return -1;
        -: 1087:	}
        -: 1088:
    #####: 1089:      for (i = 0; i < state->handCount[currentPlayer]; i++)
branch  0 never executed
branch  1 never executed
        -: 1090:	{
    #####: 1091:	  if (i != handPos && i == state->hand[currentPlayer][choice1] && i != choice1)
branch  0 never executed
branch  1 never executed
branch  2 never executed
branch  3 never executed
branch  4 never executed
branch  5 never executed
        -: 1092:	    {
    #####: 1093:	      j++;
        -: 1094:	    }
        -: 1095:	}
    #####: 1096:      if (j < choice2)
branch  0 never executed
branch  1 never executed
        -: 1097:	{
    #####: 1098:	  return -1;				
        -: 1099:	}
        -: 1100:
        -: 1101:      if (DEBUG) 
        -: 1102:	printf("Player %d reveals card number: %d\n", currentPlayer, state->hand[currentPlayer][choice1]);
        -: 1103:
        -: 1104:      //increase supply count for choosen card by amount being discarded
    #####: 1105:      state->supplyCount[state->hand[currentPlayer][choice1]] += choice2;
        -: 1106:			
        -: 1107:      //each other player gains a copy of revealed card
    #####: 1108:      for (i = 0; i < state->numPlayers; i++)
branch  0 never executed
branch  1 never executed
        -: 1109:	{
    #####: 1110:	  if (i != currentPlayer)
branch  0 never executed
branch  1 never executed
        -: 1111:	    {
    #####: 1112:	      gainCard(state->hand[currentPlayer][choice1], state, 0, i);
call    0 never executed
        -: 1113:	    }
        -: 1114:	}
        -: 1115:
        -: 1116:      //discard played card from hand
    #####: 1117:      discardCard(handPos, currentPlayer, state, 0);			
call    0 never executed
        -: 1118:
        -: 1119:      //trash copies of cards returned to supply
    #####: 1120:      for (j = 0; j < choice2; j++)
branch  0 never executed
branch  1 never executed
        -: 1121:	{
    #####: 1122:	  for (i = 0; i < state->handCount[currentPlayer]; i++)
branch  0 never executed
branch  1 never executed
        -: 1123:	    {
    #####: 1124:	      if (state->hand[currentPlayer][i] == state->hand[currentPlayer][choice1])
branch  0 never executed
branch  1 never executed
        -: 1125:		{
    #####: 1126:		  discardCard(i, currentPlayer, state, 1);
call    0 never executed
    #####: 1127:		  break;
        -: 1128:		}
        -: 1129:	    }
        -: 1130:	}			
        -: 1131:
    #####: 1132:      return 0;
        -: 1133:		
        -: 1134:    case cutpurse:
        -: 1135:
    #####: 1136:      updateCoins(currentPlayer, state, 2);
call    0 never executed
    #####: 1137:      for (i = 0; i < state->numPlayers; i++)
branch  0 never executed
branch  1 never executed
        -: 1138:	{
    #####: 1139:	  if (i != currentPlayer)
branch  0 never executed
branch  1 never executed
        -: 1140:	    {
    #####: 1141:	      for (j = 0; j < state->handCount[i]; j++)
branch  0 never executed
branch  1 never executed
        -: 1142:		{
    #####: 1143:		  if (state->hand[i][j] == copper)
branch  0 never executed
branch  1 never executed
        -: 1144:		    {
    #####: 1145:		      discardCard(j, i, state, 0);
call    0 never executed
    #####: 1146:		      break;
        -: 1147:		    }
    #####: 1148:		  if (j == state->handCount[i])
branch  0 never executed
branch  1 never executed
        -: 1149:		    {
    #####: 1150:		      for (k = 0; k < state->handCount[i]; k++)
branch  0 never executed
branch  1 never executed
        -: 1151:			{
        -: 1152:			  if (DEBUG)
        -: 1153:			    printf("Player %d reveals card number %d\n", i, state->hand[i][k]);
        -: 1154:			}	
    #####: 1155:		      break;
        -: 1156:		    }		
        -: 1157:		}
        -: 1158:					
        -: 1159:	    }
        -: 1160:				
        -: 1161:	}				
        -: 1162:
        -: 1163:      //discard played card from hand
    #####: 1164:      discardCard(handPos, currentPlayer, state, 0);			
call    0 never executed
        -: 1165:
    #####: 1166:      return 0;
        -: 1167:
        -: 1168:		
        -: 1169:    case embargo: 
        -: 1170:      //+2 Coins
    #####: 1171:      state->coins = state->coins + 2;
        -: 1172:			
        -: 1173:      //see if selected pile is in play
    #####: 1174:      if ( state->supplyCount[choice1] == -1 )
branch  0 never executed
branch  1 never executed
        -: 1175:	{
    #####: 1176:	  return -1;
        -: 1177:	}
        -: 1178:			
        -: 1179:      //add embargo token to selected supply pile
    #####: 1180:      state->embargoTokens[choice1]++;
        -: 1181:			
        -: 1182:      //trash card
    #####: 1183:      discardCard(handPos, currentPlayer, state, 1);		
call    0 never executed
    #####: 1184:      return 0;
        -: 1185:		
        -: 1186:    case outpost:
        -: 1187:      //set outpost flag
    #####: 1188:      state->outpostPlayed++;
        -: 1189:			
        -: 1190:      //discard card
    #####: 1191:      discardCard(handPos, currentPlayer, state, 0);
call    0 never executed
    #####: 1192:      return 0;
        -: 1193:		
        -: 1194:    case salvager:
        -: 1195:      //+1 buy
    #####: 1196:      state->numBuys++;
        -: 1197:			
    #####: 1198:      if (choice1)
branch  0 never executed
branch  1 never executed
        -: 1199:	{
        -: 1200:	  //gain coins equal to trashed card
    #####: 1201:	  state->coins = state->coins + getCost( handCard(choice1, state) );
call    0 never executed
call    1 never executed
        -: 1202:	  //trash card
    #####: 1203:	  discardCard(choice1, currentPlayer, state, 1);	
call    0 never executed
        -: 1204:	}
        -: 1205:			
        -: 1206:      //discard card
    #####: 1207:      discardCard(handPos, currentPlayer, state, 0);
call    0 never executed
    #####: 1208:      return 0;
        -: 1209:		
        -: 1210:    case sea_hag:
    #####: 1211:      for (i = 0; i < state->numPlayers; i++){
branch  0 never executed
branch  1 never executed
    #####: 1212:	if (i != currentPlayer){
branch  0 never executed
branch  1 never executed
    #####: 1213:	  state->discard[i][state->discardCount[i]] = state->deck[i][state->deckCount[i]--];			    state->deckCount[i]--;
    #####: 1214:	  state->discardCount[i]++;
    #####: 1215:	  state->deck[i][state->deckCount[i]--] = curse;//Top card now a curse
        -: 1216:	}
        -: 1217:      }
    #####: 1218:      return 0;
        -: 1219:		
        -: 1220:    case treasure_map:
        -: 1221:      //search hand for another treasure_map
    #####: 1222:      index = -1;
    #####: 1223:      for (i = 0; i < state->handCount[currentPlayer]; i++)
branch  0 never executed
branch  1 never executed
        -: 1224:	{
    #####: 1225:	  if (state->hand[currentPlayer][i] == treasure_map && i != handPos)
branch  0 never executed
branch  1 never executed
branch  2 never executed
branch  3 never executed
        -: 1226:	    {
    #####: 1227:	      index = i;
    #####: 1228:	      break;
        -: 1229:	    }
        -: 1230:	}
    #####: 1231:      if (index > -1)
branch  0 never executed
branch  1 never executed
        -: 1232:	{
        -: 1233:	  //trash both treasure cards
    #####: 1234:	  discardCard(handPos, currentPlayer, state, 1);
call    0 never executed
    #####: 1235:	  discardCard(index, currentPlayer, state, 1);
call    0 never executed
        -: 1236:
        -: 1237:	  //gain 4 Gold cards
    #####: 1238:	  for (i = 0; i < 4; i++)
branch  0 never executed
branch  1 never executed
        -: 1239:	    {
    #####: 1240:	      gainCard(gold, state, 1, currentPlayer);
call    0 never executed
        -: 1241:	    }
        -: 1242:				
        -: 1243:	  //return success
    #####: 1244:	  return 1;
        -: 1245:	}
        -: 1246:			
        -: 1247:      //no second treasure_map found in hand
    #####: 1248:      return -1;
        -: 1249:    }
        -: 1250:	
    #####: 1251:  return -1;
        -: 1252:}
        -: 1253:
function discardCard called 9 returned 100% blocks executed 78%
        9: 1254:int discardCard(int handPos, int currentPlayer, struct gameState *state, int trashFlag)
        -: 1255:{
        -: 1256:	
        -: 1257:  //if card is not trashed, added to Played pile 
        9: 1258:  if (trashFlag < 1)
branch  0 taken 78% (fallthrough)
branch  1 taken 22%
        -: 1259:    {
        -: 1260:      //add card to played pile
        7: 1261:      state->playedCards[state->playedCardCount] = state->hand[currentPlayer][handPos]; 
        7: 1262:      state->playedCardCount++;
        -: 1263:    }
        -: 1264:	
        -: 1265:  //set played card to -1
        9: 1266:  state->hand[currentPlayer][handPos] = -1;
        -: 1267:	
        -: 1268:  //remove card from player's hand
        9: 1269:  if ( handPos == (state->handCount[currentPlayer] - 1) ) 	//last card in hand array is played
branch  0 taken 0% (fallthrough)
branch  1 taken 100%
        -: 1270:    {
        -: 1271:      //reduce number of cards in hand
    #####: 1272:      state->handCount[currentPlayer]--;
        -: 1273:    }
        9: 1274:  else if ( state->handCount[currentPlayer] == 1 ) //only one card in hand
branch  0 taken 0% (fallthrough)
branch  1 taken 100%
        -: 1275:    {
        -: 1276:      //reduce number of cards in hand
    #####: 1277:      state->handCount[currentPlayer]--;
        -: 1278:    }
        -: 1279:  else 	
        -: 1280:    {
        -: 1281:      //replace discarded card with last card in hand
        9: 1282:      state->hand[currentPlayer][handPos] = state->hand[currentPlayer][ (state->handCount[currentPlayer] - 1)];
        -: 1283:      //set last card to -1
        9: 1284:      state->hand[currentPlayer][state->handCount[currentPlayer] - 1] = -1;
        -: 1285:      //reduce number of cards in hand
        9: 1286:      state->handCount[currentPlayer]--;
        -: 1287:    }
        -: 1288:	
        9: 1289:  return 0;
        -: 1290:}
        -: 1291:
function gainCard called 0 returned 0% blocks executed 0%
    #####: 1292:int gainCard(int supplyPos, struct gameState *state, int toFlag, int player)
        -: 1293:{
        -: 1294:  //Note: supplyPos is enum of choosen card
        -: 1295:	
        -: 1296:  //check if supply pile is empty (0) or card is not used in game (-1)
    #####: 1297:  if ( supplyCount(supplyPos, state) < 1 )
call    0 never executed
branch  1 never executed
branch  2 never executed
        -: 1298:    {
    #####: 1299:      return -1;
        -: 1300:    }
        -: 1301:	
        -: 1302:  //added card for [whoseTurn] current player:
        -: 1303:  // toFlag = 0 : add to discard
        -: 1304:  // toFlag = 1 : add to deck
        -: 1305:  // toFlag = 2 : add to hand
        -: 1306:
    #####: 1307:  if (toFlag == 1)
branch  0 never executed
branch  1 never executed
        -: 1308:    {
    #####: 1309:      state->deck[ player ][ state->deckCount[player] ] = supplyPos;
    #####: 1310:      state->deckCount[player]++;
        -: 1311:    }
    #####: 1312:  else if (toFlag == 2)
branch  0 never executed
branch  1 never executed
        -: 1313:    {
    #####: 1314:      state->hand[ player ][ state->handCount[player] ] = supplyPos;
    #####: 1315:      state->handCount[player]++;
        -: 1316:    }
        -: 1317:  else
        -: 1318:    {
    #####: 1319:      state->discard[player][ state->discardCount[player] ] = supplyPos;
    #####: 1320:      state->discardCount[player]++;
        -: 1321:    }
        -: 1322:	
        -: 1323:  //decrease number in supply pile
    #####: 1324:  state->supplyCount[supplyPos]--;
        -: 1325:	 
    #####: 1326:  return 0;
        -: 1327:}
        -: 1328:
function updateCoins called 12 returned 100% blocks executed 100%
       12: 1329:int updateCoins(int player, struct gameState *state, int bonus)
        -: 1330:{
        -: 1331:  int i;
        -: 1332:	
        -: 1333:  //reset coin count
       12: 1334:  state->coins = 0;
        -: 1335:
        -: 1336:  //add coins for each Treasure card in player's hand
       72: 1337:  for (i = 0; i < state->handCount[player]; i++)
branch  0 taken 83%
branch  1 taken 17% (fallthrough)
        -: 1338:    {
       60: 1339:      if (state->hand[player][i] == copper)
branch  0 taken 77% (fallthrough)
branch  1 taken 23%
        -: 1340:	{
       46: 1341:	  state->coins += 1;
        -: 1342:	}
       14: 1343:      else if (state->hand[player][i] == silver)
branch  0 taken 14% (fallthrough)
branch  1 taken 86%
        -: 1344:	{
        2: 1345:	  state->coins += 2;
        -: 1346:	}
       12: 1347:      else if (state->hand[player][i] == gold)
branch  0 taken 8% (fallthrough)
branch  1 taken 92%
        -: 1348:	{
        1: 1349:	  state->coins += 3;
        -: 1350:	}	
        -: 1351:    }	
        -: 1352:
        -: 1353:  //add bonus
       12: 1354:  state->coins += bonus;
        -: 1355:
       12: 1356:  return 0;
        -: 1357:}
        -: 1358:
        -: 1359:
        -: 1360://end of dominion.c
        -: 1361:
