        -:    0:Source:dominion.c
        -:    0:Graph:dominion.gcno
        -:    0:Data:dominion.gcda
        -:    0:Runs:5
        -:    0:Programs:5
        -:    1:#include "dominion.h"
        -:    2:#include "dominion_helpers.h"
        -:    3:#include "rngs.h"
        -:    4:#include <stdio.h>
        -:    5:#include <math.h>
        -:    6:#include <stdlib.h>
        -:    7:
        -:    8:
        -:    9:
function compare called 61830 returned 100% blocks executed 83%
    61830:   10:int compare(const void* a, const void* b) {
    61830:   11:  if (*(int*)a > *(int*)b)
branch  0 taken 0% (fallthrough)
branch  1 taken 100%
    #####:   12:    return 1;
    61830:   13:  if (*(int*)a < *(int*)b)
branch  0 taken 27% (fallthrough)
branch  1 taken 73%
    16488:   14:    return -1;
    45342:   15:  return 0;
        -:   16:}
        -:   17:
function newGame called 2003 returned 100% blocks executed 100%
     2003:   18:struct gameState* newGame() {
     2003:   19:  struct gameState* g = malloc(sizeof(struct gameState));
     2003:   20:  return g;
        -:   21:}
        -:   22:
function kingdomCards called 0 returned 0% blocks executed 0%
    #####:   23:int* kingdomCards(int k1, int k2, int k3, int k4, int k5, int k6, int k7,
        -:   24:		  int k8, int k9, int k10) {
    #####:   25:  int* k = malloc(10 * sizeof(int));
    #####:   26:  k[0] = k1;
    #####:   27:  k[1] = k2;
    #####:   28:  k[2] = k3;
    #####:   29:  k[3] = k4;
    #####:   30:  k[4] = k5;
    #####:   31:  k[5] = k6;
    #####:   32:  k[6] = k7;
    #####:   33:  k[7] = k8;
    #####:   34:  k[8] = k9;
    #####:   35:  k[9] = k10;
    #####:   36:  return k;
        -:   37:}
        -:   38:
function initializeGame called 2003 returned 100% blocks executed 97%
     2003:   39:int initializeGame(int numPlayers, int kingdomCards[10], int randomSeed,
        -:   40:		   struct gameState *state) {
        -:   41:
        -:   42:  int i;
        -:   43:  int j;
        -:   44:  int it;
        -:   45:  //set up random number generator
     2003:   46:  SelectStream(1);
call    0 returned 100%
     2003:   47:  PutSeed((long)randomSeed);
call    0 returned 100%
        -:   48:
        -:   49:  //check number of players
     2003:   50:  if (numPlayers > MAX_PLAYERS || numPlayers < 2)
branch  0 taken 100% (fallthrough)
branch  1 taken 0%
branch  2 taken 0% (fallthrough)
branch  3 taken 100%
        -:   51:    {
    #####:   52:      return -1;
        -:   53:    }
        -:   54:
        -:   55:  //set number of players
     2003:   56:  state->numPlayers = numPlayers;
        -:   57:
        -:   58:  //check selected kingdom cards are different
    18443:   59:  for (i = 0; i < 10; i++)
branch  0 taken 92%
branch  1 taken 8% (fallthrough)
        -:   60:    {
   186980:   61:      for (j = 0; j < 10; j++)
branch  0 taken 91%
branch  1 taken 9% (fallthrough)
        -:   62:        {
   170540:   63:	  if (j != i && kingdomCards[j] == kingdomCards[i])
branch  0 taken 90% (fallthrough)
branch  1 taken 10%
branch  2 taken 1% (fallthrough)
branch  3 taken 99%
        -:   64:	    {
      614:   65:	      return -1;
        -:   66:	    }
        -:   67:        }
        -:   68:    }
        -:   69:
        -:   70:
        -:   71:  //initialize supply
        -:   72:  ///////////////////////////////
        -:   73:
        -:   74:  //set number of Curse cards
     1389:   75:  if (numPlayers == 2)
branch  0 taken 36% (fallthrough)
branch  1 taken 64%
        -:   76:    {
      497:   77:      state->supplyCount[curse] = 10;
        -:   78:    }
      892:   79:  else if (numPlayers == 3)
branch  0 taken 49% (fallthrough)
branch  1 taken 51%
        -:   80:    {
      440:   81:      state->supplyCount[curse] = 20;
        -:   82:    }
        -:   83:  else
        -:   84:    {
      452:   85:      state->supplyCount[curse] = 30;
        -:   86:    }
        -:   87:
        -:   88:  //set number of Victory cards
     1389:   89:  if (numPlayers == 2)
branch  0 taken 36% (fallthrough)
branch  1 taken 64%
        -:   90:    {
      497:   91:      state->supplyCount[estate] = 8;
      497:   92:      state->supplyCount[duchy] = 8;
      497:   93:      state->supplyCount[province] = 8;
        -:   94:    }
        -:   95:  else
        -:   96:    {
      892:   97:      state->supplyCount[estate] = 12;
      892:   98:      state->supplyCount[duchy] = 12;
      892:   99:      state->supplyCount[province] = 12;
        -:  100:    }
        -:  101:
        -:  102:  //set number of Treasure cards
     1389:  103:  state->supplyCount[copper] = 60 - (7 * numPlayers);
     1389:  104:  state->supplyCount[silver] = 40;
     1389:  105:  state->supplyCount[gold] = 30;
        -:  106:
        -:  107:  //set number of Kingdom cards
    29169:  108:  for (i = adventurer; i <= treasure_map; i++)       	//loop all cards
branch  0 taken 95%
branch  1 taken 5% (fallthrough)
        -:  109:    {
   245203:  110:      for (j = 0; j < 10; j++)           		//loop chosen cards
branch  0 taken 93%
branch  1 taken 7% (fallthrough)
        -:  111:	{
   227283:  112:	  if (kingdomCards[j] == i)
branch  0 taken 4% (fallthrough)
branch  1 taken 96%
        -:  113:	    {
        -:  114:	      //check if card is a 'Victory' Kingdom card
     9860:  115:	      if (kingdomCards[j] == great_hall || kingdomCards[j] == gardens)
branch  0 taken 91% (fallthrough)
branch  1 taken 9%
branch  2 taken 5% (fallthrough)
branch  3 taken 95%
        -:  116:		{
     2724:  117:		  if (numPlayers == 2){
branch  0 taken 38% (fallthrough)
branch  1 taken 62%
      511:  118:		    state->supplyCount[i] = 8;
        -:  119:		  }
      851:  120:		  else{ state->supplyCount[i] = 12; }
        -:  121:		}
        -:  122:	      else
        -:  123:		{
     8498:  124:		  state->supplyCount[i] = 10;
        -:  125:		}
     9860:  126:	      break;
        -:  127:	    }
        -:  128:	  else    //card is not in the set choosen for the game
        -:  129:	    {
   217423:  130:	      state->supplyCount[i] = -1;
        -:  131:	    }
        -:  132:	}
        -:  133:
        -:  134:    }
        -:  135:
        -:  136:  ////////////////////////
        -:  137:  //supply intilization complete
        -:  138:
        -:  139:  //set player decks
     5511:  140:  for (i = 0; i < numPlayers; i++)
branch  0 taken 75%
branch  1 taken 25% (fallthrough)
        -:  141:    {
     4122:  142:      state->deckCount[i] = 0;
    16488:  143:      for (j = 0; j < 3; j++)
branch  0 taken 75%
branch  1 taken 25% (fallthrough)
        -:  144:	{
    12366:  145:	  state->deck[i][j] = estate;
    12366:  146:	  state->deckCount[i]++;
        -:  147:	}
    32976:  148:      for (j = 3; j < 10; j++)
branch  0 taken 88%
branch  1 taken 13% (fallthrough)
        -:  149:	{
    28854:  150:	  state->deck[i][j] = copper;
    28854:  151:	  state->deckCount[i]++;
        -:  152:	}
        -:  153:    }
        -:  154:
        -:  155:  //shuffle player decks
     5511:  156:  for (i = 0; i < numPlayers; i++)
branch  0 taken 75%
branch  1 taken 25% (fallthrough)
        -:  157:    {
     4122:  158:      if ( shuffle(i, state) < 0 )
call    0 returned 100%
branch  1 taken 0% (fallthrough)
branch  2 taken 100%
        -:  159:	{
    #####:  160:	  return -1;
        -:  161:	}
        -:  162:    }
        -:  163:
        -:  164:  //draw player hands
     5511:  165:  for (i = 0; i < numPlayers; i++)
branch  0 taken 75%
branch  1 taken 25% (fallthrough)
        -:  166:    {
        -:  167:      //initialize hand size to zero
     4122:  168:      state->handCount[i] = 0;
     4122:  169:      state->discardCount[i] = 0;
        -:  170:      //draw 5 cards
        -:  171:      // for (j = 0; j < 5; j++)
        -:  172:      //	{
        -:  173:      //	  drawCard(i, state);
        -:  174:      //	}
        -:  175:    }
        -:  176:
        -:  177:  //set embargo tokens to 0 for all supply piles
    38892:  178:  for (i = 0; i <= treasure_map; i++)
branch  0 taken 96%
branch  1 taken 4% (fallthrough)
        -:  179:    {
    37503:  180:      state->embargoTokens[i] = 0;
        -:  181:    }
        -:  182:
        -:  183:  //initialize first player's turn
     1389:  184:  state->outpostPlayed = 0;
     1389:  185:  state->phase = 0;
     1389:  186:  state->numActions = 1;
     1389:  187:  state->numBuys = 1;
     1389:  188:  state->playedCardCount = 0;
     1389:  189:  state->whoseTurn = 0;
     1389:  190:  state->handCount[state->whoseTurn] = 0;
        -:  191:  //int it; move to top
        -:  192:
        -:  193:  //Moved draw cards to here, only drawing at the start of a turn
     8334:  194:  for (it = 0; it < 5; it++){
branch  0 taken 83%
branch  1 taken 17% (fallthrough)
     6945:  195:    drawCard(state->whoseTurn, state);
call    0 returned 100%
        -:  196:  }
        -:  197:
     1389:  198:  updateCoins(state->whoseTurn, state, 0);
call    0 returned 100%
        -:  199:
     1389:  200:  return 0;
        -:  201:}
        -:  202:
function shuffle called 5350 returned 100% blocks executed 100%
     5350:  203:int shuffle(int player, struct gameState *state) {
        -:  204:
        -:  205:
        -:  206:  int newDeck[MAX_DECK];
     5350:  207:  int newDeckPos = 0;
        -:  208:  int card;
        -:  209:  int i;
        -:  210:
     5350:  211:  if (state->deckCount[player] < 1)
branch  0 taken 23% (fallthrough)
branch  1 taken 77%
     1228:  212:    return -1;
     4122:  213:  qsort ((void*)(state->deck[player]), state->deckCount[player], sizeof(int), compare);
call    0 returned 100%
        -:  214:  /* SORT CARDS IN DECK TO ENSURE DETERMINISM! */
        -:  215:
    49464:  216:  while (state->deckCount[player] > 0) {
branch  0 taken 91%
branch  1 taken 9% (fallthrough)
    41220:  217:    card = floor(Random() * state->deckCount[player]);
call    0 returned 100%
    41220:  218:    newDeck[newDeckPos] = state->deck[player][card];
    41220:  219:    newDeckPos++;
   121027:  220:    for (i = card; i < state->deckCount[player]-1; i++) {
branch  0 taken 66%
branch  1 taken 34% (fallthrough)
    79807:  221:      state->deck[player][i] = state->deck[player][i+1];
        -:  222:    }
    41220:  223:    state->deckCount[player]--;
        -:  224:  }
    45342:  225:  for (i = 0; i < newDeckPos; i++) {
branch  0 taken 91%
branch  1 taken 9% (fallthrough)
    41220:  226:    state->deck[player][i] = newDeck[i];
    41220:  227:    state->deckCount[player]++;
        -:  228:  }
        -:  229:
     4122:  230:  return 0;
        -:  231:}
        -:  232:
function playCard called 0 returned 0% blocks executed 0%
    #####:  233:int playCard(int handPos, int choice1, int choice2, int choice3, struct gameState *state)
        -:  234:{
        -:  235:  int card;
    #####:  236:  int coin_bonus = 0; 		//tracks coins gain from actions
        -:  237:
        -:  238:  //check if it is the right phase
    #####:  239:  if (state->phase != 0)
branch  0 never executed
branch  1 never executed
        -:  240:    {
    #####:  241:      return -1;
        -:  242:    }
        -:  243:
        -:  244:  //check if player has enough actions
    #####:  245:  if ( state->numActions < 1 )
branch  0 never executed
branch  1 never executed
        -:  246:    {
    #####:  247:      return -1;
        -:  248:    }
        -:  249:
        -:  250:  //get card played
    #####:  251:  card = handCard(handPos, state);
call    0 never executed
        -:  252:
        -:  253:  //check if selected card is an action
    #####:  254:  if ( card < adventurer || card > treasure_map )
branch  0 never executed
branch  1 never executed
branch  2 never executed
branch  3 never executed
        -:  255:    {
    #####:  256:      return -1;
        -:  257:    }
        -:  258:
        -:  259:  //play card
    #####:  260:  if ( cardEffect(card, choice1, choice2, choice3, state, handPos, &coin_bonus) < 0 )
call    0 never executed
branch  1 never executed
branch  2 never executed
        -:  261:    {
    #####:  262:      return -1;
        -:  263:    }
        -:  264:
        -:  265:  //reduce number of actions
    #####:  266:  state->numActions--;
        -:  267:
        -:  268:  //update coins (Treasure cards may be added with card draws)
    #####:  269:  updateCoins(state->whoseTurn, state, coin_bonus);
call    0 never executed
        -:  270:
    #####:  271:  return 0;
        -:  272:}
        -:  273:
function buyCard called 0 returned 0% blocks executed 0%
    #####:  274:int buyCard(int supplyPos, struct gameState *state) {
        -:  275:  int who;
        -:  276:  if (DEBUG){
        -:  277:    printf("Entering buyCard...\n");
        -:  278:  }
        -:  279:
        -:  280:  // I don't know what to do about the phase thing.
        -:  281:
    #####:  282:  who = state->whoseTurn;
        -:  283:
    #####:  284:  if (state->numBuys < 1){
branch  0 never executed
branch  1 never executed
        -:  285:    if (DEBUG)
        -:  286:      printf("You do not have any buys left\n");
    #####:  287:    return -1;
    #####:  288:  } else if (supplyCount(supplyPos, state) <1){
call    0 never executed
branch  1 never executed
branch  2 never executed
        -:  289:    if (DEBUG)
        -:  290:      printf("There are not any of that type of card left\n");
    #####:  291:    return -1;
    #####:  292:  } else if (state->coins < getCost(supplyPos)){
call    0 never executed
branch  1 never executed
branch  2 never executed
        -:  293:    if (DEBUG)
        -:  294:      printf("You do not have enough money to buy that. You have %d coins.\n", state->coins);
    #####:  295:    return -1;
        -:  296:  } else {
    #####:  297:    state->phase=1;
        -:  298:    //state->supplyCount[supplyPos]--;
    #####:  299:    gainCard(supplyPos, state, 0, who); //card goes in discard, this might be wrong.. (2 means goes into hand, 0 goes into discard)
call    0 never executed
        -:  300:
    #####:  301:    state->coins = (state->coins) - (getCost(supplyPos));
call    0 never executed
    #####:  302:    state->numBuys--;
        -:  303:    if (DEBUG)
        -:  304:      printf("You bought card number %d for %d coins. You now have %d buys and %d coins.\n", supplyPos, getCost(supplyPos), state->numBuys, state->coins);
        -:  305:  }
        -:  306:
        -:  307:  //state->discard[who][state->discardCount[who]] = supplyPos;
        -:  308:  //state->discardCount[who]++;
        -:  309:
    #####:  310:  return 0;
        -:  311:}
        -:  312:
function numHandCards called 0 returned 0% blocks executed 0%
    #####:  313:int numHandCards(struct gameState *state) {
    #####:  314:  return state->handCount[ whoseTurn(state) ];
call    0 never executed
        -:  315:}
        -:  316:
function handCard called 0 returned 0% blocks executed 0%
    #####:  317:int handCard(int handPos, struct gameState *state) {
    #####:  318:  int currentPlayer = whoseTurn(state);
call    0 never executed
    #####:  319:  return state->hand[currentPlayer][handPos];
        -:  320:}
        -:  321:
function supplyCount called 0 returned 0% blocks executed 0%
    #####:  322:int supplyCount(int card, struct gameState *state) {
    #####:  323:  return state->supplyCount[card];
        -:  324:}
        -:  325:
function fullDeckCount called 0 returned 0% blocks executed 0%
    #####:  326:int fullDeckCount(int player, int card, struct gameState *state) {
        -:  327:  int i;
    #####:  328:  int count = 0;
        -:  329:
    #####:  330:  for (i = 0; i < state->deckCount[player]; i++)
branch  0 never executed
branch  1 never executed
        -:  331:    {
    #####:  332:      if (state->deck[player][i] == card) count++;
branch  0 never executed
branch  1 never executed
        -:  333:    }
        -:  334:
    #####:  335:  for (i = 0; i < state->handCount[player]; i++)
branch  0 never executed
branch  1 never executed
        -:  336:    {
    #####:  337:      if (state->hand[player][i] == card) count++;
branch  0 never executed
branch  1 never executed
        -:  338:    }
        -:  339:
    #####:  340:  for (i = 0; i < state->discardCount[player]; i++)
branch  0 never executed
branch  1 never executed
        -:  341:    {
    #####:  342:      if (state->discard[player][i] == card) count++;
branch  0 never executed
branch  1 never executed
        -:  343:    }
        -:  344:
    #####:  345:  return count;
        -:  346:}
        -:  347:
function whoseTurn called 1003 returned 100% blocks executed 100%
     1003:  348:int whoseTurn(struct gameState *state) {
     1003:  349:  return state->whoseTurn;
        -:  350:}
        -:  351:
function endTurn called 0 returned 0% blocks executed 0%
    #####:  352:int endTurn(struct gameState *state) {
        -:  353:  int k;
        -:  354:  int i;
    #####:  355:  int currentPlayer = whoseTurn(state);
call    0 never executed
        -:  356:
        -:  357:  //Discard hand
    #####:  358:  for (i = 0; i < state->handCount[currentPlayer]; i++){
branch  0 never executed
branch  1 never executed
    #####:  359:    state->discard[currentPlayer][state->discardCount[currentPlayer]++] = state->hand[currentPlayer][i];//Discard
    #####:  360:    state->hand[currentPlayer][i] = -1;//Set card to -1
        -:  361:  }
    #####:  362:  state->handCount[currentPlayer] = 0;//Reset hand count
        -:  363:
        -:  364:  //Code for determining the player
    #####:  365:  if (currentPlayer < (state->numPlayers - 1)){
branch  0 never executed
branch  1 never executed
    #####:  366:    state->whoseTurn = currentPlayer + 1;//Still safe to increment
        -:  367:  }
        -:  368:  else{
    #####:  369:    state->whoseTurn = 0;//Max player has been reached, loop back around to player 1
        -:  370:  }
        -:  371:
    #####:  372:  state->outpostPlayed = 0;
    #####:  373:  state->phase = 0;
    #####:  374:  state->numActions = 1;
    #####:  375:  state->coins = 0;
    #####:  376:  state->numBuys = 1;
    #####:  377:  state->playedCardCount = 0;
    #####:  378:  state->handCount[state->whoseTurn] = 0;
        -:  379:
        -:  380:  //int k; move to top
        -:  381:  //Next player draws hand
    #####:  382:  for (k = 0; k < 5; k++){
branch  0 never executed
branch  1 never executed
    #####:  383:    drawCard(state->whoseTurn, state);//Draw a card
call    0 never executed
        -:  384:  }
        -:  385:
        -:  386:  //Update money
    #####:  387:  updateCoins(state->whoseTurn, state , 0);
call    0 never executed
        -:  388:
    #####:  389:  return 0;
        -:  390:}
        -:  391:
function isGameOver called 0 returned 0% blocks executed 0%
    #####:  392:int isGameOver(struct gameState *state) {
        -:  393:  int i;
        -:  394:  int j;
        -:  395:
        -:  396:  //if stack of Province cards is empty, the game ends
    #####:  397:  if (state->supplyCount[province] == 0)
branch  0 never executed
branch  1 never executed
        -:  398:    {
    #####:  399:      return 1;
        -:  400:    }
        -:  401:
        -:  402:  //if three supply pile are at 0, the game ends
    #####:  403:  j = 0;
    #####:  404:  for (i = 0; i < 25; i++)
branch  0 never executed
branch  1 never executed
        -:  405:    {
    #####:  406:      if (state->supplyCount[i] == 0)
branch  0 never executed
branch  1 never executed
        -:  407:	{
    #####:  408:	  j++;
        -:  409:	}
        -:  410:    }
    #####:  411:  if ( j >= 3)
branch  0 never executed
branch  1 never executed
        -:  412:    {
    #####:  413:      return 1;
        -:  414:    }
        -:  415:
    #####:  416:  return 0;
        -:  417:}
        -:  418:
function scoreFor called 0 returned 0% blocks executed 0%
    #####:  419:int scoreFor (int player, struct gameState *state) {
        -:  420:
        -:  421:  int i;
    #####:  422:  int score = 0;
        -:  423:  //score from hand
    #####:  424:  for (i = 0; i < state->handCount[player]; i++)
branch  0 never executed
branch  1 never executed
        -:  425:    {
    #####:  426:      if (state->hand[player][i] == curse) { score = score - 1; };
branch  0 never executed
branch  1 never executed
    #####:  427:      if (state->hand[player][i] == estate) { score = score + 1; };
branch  0 never executed
branch  1 never executed
    #####:  428:      if (state->hand[player][i] == duchy) { score = score + 3; };
branch  0 never executed
branch  1 never executed
    #####:  429:      if (state->hand[player][i] == province) { score = score + 6; };
branch  0 never executed
branch  1 never executed
    #####:  430:      if (state->hand[player][i] == great_hall) { score = score + 1; };
branch  0 never executed
branch  1 never executed
    #####:  431:      if (state->hand[player][i] == gardens) { score = score + ( fullDeckCount(player, 0, state) / 10 ); };
branch  0 never executed
branch  1 never executed
call    2 never executed
        -:  432:    }
        -:  433:
        -:  434:  //score from discard
    #####:  435:  for (i = 0; i < state->discardCount[player]; i++)
branch  0 never executed
branch  1 never executed
        -:  436:    {
    #####:  437:      if (state->discard[player][i] == curse) { score = score - 1; };
branch  0 never executed
branch  1 never executed
    #####:  438:      if (state->discard[player][i] == estate) { score = score + 1; };
branch  0 never executed
branch  1 never executed
    #####:  439:      if (state->discard[player][i] == duchy) { score = score + 3; };
branch  0 never executed
branch  1 never executed
    #####:  440:      if (state->discard[player][i] == province) { score = score + 6; };
branch  0 never executed
branch  1 never executed
    #####:  441:      if (state->discard[player][i] == great_hall) { score = score + 1; };
branch  0 never executed
branch  1 never executed
    #####:  442:      if (state->discard[player][i] == gardens) { score = score + ( fullDeckCount(player, 0, state) / 10 ); };
branch  0 never executed
branch  1 never executed
call    2 never executed
        -:  443:    }
        -:  444:
        -:  445:  //score from deck
    #####:  446:  for (i = 0; i < state->discardCount[player]; i++)
branch  0 never executed
branch  1 never executed
        -:  447:    {
    #####:  448:      if (state->deck[player][i] == curse) { score = score - 1; };
branch  0 never executed
branch  1 never executed
    #####:  449:      if (state->deck[player][i] == estate) { score = score + 1; };
branch  0 never executed
branch  1 never executed
    #####:  450:      if (state->deck[player][i] == duchy) { score = score + 3; };
branch  0 never executed
branch  1 never executed
    #####:  451:      if (state->deck[player][i] == province) { score = score + 6; };
branch  0 never executed
branch  1 never executed
    #####:  452:      if (state->deck[player][i] == great_hall) { score = score + 1; };
branch  0 never executed
branch  1 never executed
    #####:  453:      if (state->deck[player][i] == gardens) { score = score + ( fullDeckCount(player, 0, state) / 10 ); };
branch  0 never executed
branch  1 never executed
call    2 never executed
        -:  454:    }
        -:  455:
    #####:  456:  return score;
        -:  457:}
        -:  458:
function getWinners called 0 returned 0% blocks executed 0%
    #####:  459:int getWinners(int players[MAX_PLAYERS], struct gameState *state) {
        -:  460:  int i;
        -:  461:  int j;
        -:  462:  int highScore;
        -:  463:  int currentPlayer;
        -:  464:
        -:  465:  //get score for each player
    #####:  466:  for (i = 0; i < MAX_PLAYERS; i++)
branch  0 never executed
branch  1 never executed
        -:  467:    {
        -:  468:      //set unused player scores to -9999
    #####:  469:      if (i >= state->numPlayers)
branch  0 never executed
branch  1 never executed
        -:  470:	{
    #####:  471:	  players[i] = -9999;
        -:  472:	}
        -:  473:      else
        -:  474:	{
    #####:  475:	  players[i] = scoreFor (i, state);
call    0 never executed
        -:  476:	}
        -:  477:    }
        -:  478:
        -:  479:  //find highest score
    #####:  480:  j = 0;
    #####:  481:  for (i = 0; i < MAX_PLAYERS; i++)
branch  0 never executed
branch  1 never executed
        -:  482:    {
    #####:  483:      if (players[i] > players[j])
branch  0 never executed
branch  1 never executed
        -:  484:	{
    #####:  485:	  j = i;
        -:  486:	}
        -:  487:    }
    #####:  488:  highScore = players[j];
        -:  489:
        -:  490:  //add 1 to players who had less turns
    #####:  491:  currentPlayer = whoseTurn(state);
call    0 never executed
    #####:  492:  for (i = 0; i < MAX_PLAYERS; i++)
branch  0 never executed
branch  1 never executed
        -:  493:    {
    #####:  494:      if ( players[i] == highScore && i > currentPlayer )
branch  0 never executed
branch  1 never executed
branch  2 never executed
branch  3 never executed
        -:  495:	{
    #####:  496:	  players[i]++;
        -:  497:	}
        -:  498:    }
        -:  499:
        -:  500:  //find new highest score
    #####:  501:  j = 0;
    #####:  502:  for (i = 0; i < MAX_PLAYERS; i++)
branch  0 never executed
branch  1 never executed
        -:  503:    {
    #####:  504:      if ( players[i] > players[j] )
branch  0 never executed
branch  1 never executed
        -:  505:	{
    #####:  506:	  j = i;
        -:  507:	}
        -:  508:    }
    #####:  509:  highScore = players[j];
        -:  510:
        -:  511:  //set winners in array to 1 and rest to 0
    #####:  512:  for (i = 0; i < MAX_PLAYERS; i++)
branch  0 never executed
branch  1 never executed
        -:  513:    {
    #####:  514:      if ( players[i] == highScore )
branch  0 never executed
branch  1 never executed
        -:  515:	{
    #####:  516:	  players[i] = 1;
        -:  517:	}
        -:  518:      else
        -:  519:	{
    #####:  520:	  players[i] = 0;
        -:  521:	}
        -:  522:    }
        -:  523:
    #####:  524:  return 0;
        -:  525:}
        -:  526:
function drawCard called 10951 returned 100% blocks executed 85%
    10951:  527:int drawCard(int player, struct gameState *state)
        -:  528:{	int count;
        -:  529:  int deckCounter;
    10951:  530:  if (state->deckCount[player] <= 0){//Deck is empty
branch  0 taken 11% (fallthrough)
branch  1 taken 89%
        -:  531:
        -:  532:    //Step 1 Shuffle the discard pile back into a deck
        -:  533:    int i;
        -:  534:    //Move discard to deck
     1228:  535:    for (i = 0; i < state->discardCount[player];i++){
branch  0 taken 0%
branch  1 taken 100% (fallthrough)
    #####:  536:      state->deck[player][i] = state->discard[player][i];
    #####:  537:      state->discard[player][i] = -1;
        -:  538:    }
        -:  539:
     1228:  540:    state->deckCount[player] = state->discardCount[player];
     1228:  541:    state->discardCount[player] = 0;//Reset discard
        -:  542:
        -:  543:    //Shufffle the deck
     1228:  544:    shuffle(player, state);//Shuffle the deck up and make it so that we can draw
call    0 returned 100%
        -:  545:
        -:  546:    if (DEBUG){//Debug statements
        -:  547:      printf("Deck count now: %d\n", state->deckCount[player]);
        -:  548:    }
        -:  549:
     1228:  550:    state->discardCount[player] = 0;
        -:  551:
        -:  552:    //Step 2 Draw Card
     1228:  553:    count = state->handCount[player];//Get current player's hand count
        -:  554:
        -:  555:    if (DEBUG){//Debug statements
        -:  556:      printf("Current hand count: %d\n", count);
        -:  557:    }
        -:  558:
     1228:  559:    deckCounter = state->deckCount[player];//Create a holder for the deck count
        -:  560:
     1228:  561:    if (deckCounter == 0)
branch  0 taken 100% (fallthrough)
branch  1 taken 0%
     1228:  562:      return -1;
        -:  563:
    #####:  564:    state->hand[player][count] = state->deck[player][deckCounter - 1];//Add card to hand
    #####:  565:    state->deckCount[player]--;
    #####:  566:    state->handCount[player]++;//Increment hand count
        -:  567:  }
        -:  568:
        -:  569:  else{
     9723:  570:    int count = state->handCount[player];//Get current hand count for player
        -:  571:    int deckCounter;
        -:  572:    if (DEBUG){//Debug statements
        -:  573:      printf("Current hand count: %d\n", count);
        -:  574:    }
        -:  575:
     9723:  576:    deckCounter = state->deckCount[player];//Create holder for the deck count
     9723:  577:    state->hand[player][count] = state->deck[player][deckCounter - 1];//Add card to the hand
     9723:  578:    state->deckCount[player]--;
     9723:  579:    state->handCount[player]++;//Increment hand count
        -:  580:  }
        -:  581:
     9723:  582:  return 0;
        -:  583:}
        -:  584:
function getCost called 0 returned 0% blocks executed 0%
    #####:  585:int getCost(int cardNumber)
        -:  586:{
    #####:  587:  switch( cardNumber )
branch  0 never executed
branch  1 never executed
branch  2 never executed
branch  3 never executed
branch  4 never executed
branch  5 never executed
branch  6 never executed
branch  7 never executed
branch  8 never executed
branch  9 never executed
branch 10 never executed
branch 11 never executed
branch 12 never executed
branch 13 never executed
branch 14 never executed
branch 15 never executed
branch 16 never executed
branch 17 never executed
branch 18 never executed
branch 19 never executed
branch 20 never executed
branch 21 never executed
branch 22 never executed
branch 23 never executed
branch 24 never executed
branch 25 never executed
branch 26 never executed
branch 27 never executed
        -:  588:    {
        -:  589:    case curse:
    #####:  590:      return 0;
        -:  591:    case estate:
    #####:  592:      return 2;
        -:  593:    case duchy:
    #####:  594:      return 5;
        -:  595:    case province:
    #####:  596:      return 8;
        -:  597:    case copper:
    #####:  598:      return 0;
        -:  599:    case silver:
    #####:  600:      return 3;
        -:  601:    case gold:
    #####:  602:      return 6;
        -:  603:    case adventurer:
    #####:  604:      return 6;
        -:  605:    case council_room:
    #####:  606:      return 5;
        -:  607:    case feast:
    #####:  608:      return 4;
        -:  609:    case gardens:
    #####:  610:      return 4;
        -:  611:    case mine:
    #####:  612:      return 5;
        -:  613:    case remodel:
    #####:  614:      return 4;
        -:  615:    case smithy:
    #####:  616:      return 4;
        -:  617:    case village:
    #####:  618:      return 3;
        -:  619:    case baron:
    #####:  620:      return 4;
        -:  621:    case great_hall:
    #####:  622:      return 3;
        -:  623:    case minion:
    #####:  624:      return 5;
        -:  625:    case steward:
    #####:  626:      return 3;
        -:  627:    case tribute:
    #####:  628:      return 5;
        -:  629:    case ambassador:
    #####:  630:      return 3;
        -:  631:    case cutpurse:
    #####:  632:      return 4;
        -:  633:    case embargo:
    #####:  634:      return 2;
        -:  635:    case outpost:
    #####:  636:      return 5;
        -:  637:    case salvager:
    #####:  638:      return 4;
        -:  639:    case sea_hag:
    #####:  640:      return 4;
        -:  641:    case treasure_map:
    #####:  642:      return 4;
        -:  643:    }
        -:  644:
    #####:  645:  return -1;
        -:  646:}
        -:  647:
        -:  648:// Refactored cards are removed from the switch in cardEffects and now able to be individually called.
        -:  649:
function smithy_Card called 1001 returned 100% blocks executed 100%
     1001:  650:int smithy_Card(int handPos, int currentPlayer, struct gameState *state){
        -:  651:	//+3 Cards
        -:  652:	int i;
        -:  653:
     4004:  654:    for (i = 0; i < 3; i++)
branch  0 taken 75%
branch  1 taken 25% (fallthrough)
        -:  655:	{
     3003:  656:	  drawCard(currentPlayer, state);
call    0 returned 100%
        -:  657:	}
        -:  658:
        -:  659:      //discard card from hand
     1001:  660:      discardCard(handPos, currentPlayer, state, 0);
call    0 returned 100%
     1001:  661:      return 0;
        -:  662:
        -:  663:}
        -:  664:
function adventurer_Card called 1 returned 100% blocks executed 67%
        1:  665:int adventurer_Card(int drawntreasure, int currentPlayer, int cardDrawn, int temphand[], struct gameState *state){
        1:  666:    int z = 0;
        4:  667:	  while(drawntreasure<2){
branch  0 taken 67%
branch  1 taken 33% (fallthrough)
        2:  668:	if (state->deckCount[currentPlayer] <1){//if the deck is empty we need to shuffle discard and add to deck
branch  0 taken 0% (fallthrough)
branch  1 taken 100%
    #####:  669:	  shuffle(currentPlayer, state);
call    0 never executed
        -:  670:	}
        2:  671:	drawCard(currentPlayer, state);
call    0 returned 100%
        2:  672:	cardDrawn = state->hand[currentPlayer][state->handCount[currentPlayer]-1];//top card of hand is most recently drawn card.
        2:  673:	if (cardDrawn == copper || cardDrawn == gold || cardDrawn == silver)
branch  0 taken 0% (fallthrough)
branch  1 taken 100%
branch  2 never executed
branch  3 never executed
branch  4 never executed
branch  5 never executed
        2:  674:	  drawntreasure++;
        -:  675:	else{
    #####:  676:	  temphand[z]=cardDrawn;
    #####:  677:	  state->handCount[currentPlayer]--; //this should just remove the top card (the most recently drawn one).
    #####:  678:	  z++;
        -:  679:	}
        -:  680:      }
        2:  681:      while(z-1>=0){
branch  0 taken 0%
branch  1 taken 100% (fallthrough)
    #####:  682:	state->discard[currentPlayer][state->discardCount[currentPlayer]++]=temphand[z-1]; // discard all cards in play that have been drawn
    #####:  683:	z=z-1;
        -:  684:      }
        1:  685:      return 0;
        -:  686:}
        -:  687:
function greatHall_Card called 1001 returned 100% blocks executed 100%
     1001:  688:int greatHall_Card(int handPos, int currentPlayer, struct gameState *state){
        -:  689:      //+1 Card
     1001:  690:      drawCard(currentPlayer, state);
call    0 returned 100%
        -:  691:
        -:  692:      //+1 Actions
     1001:  693:      state->numActions++;
        -:  694:
        -:  695:      //discard card from hand
     1001:  696:      discardCard(handPos, currentPlayer, state, 0);
call    0 returned 100%
     1001:  697:      return 0;
        -:  698:
        -:  699:}
function minion_card called 0 returned 0% blocks executed 0%
    #####:  700:int minion_card(int handPos, int currentPlayer, int choice1, int choice2, struct gameState *state){
        -:  701:
        -:  702:      //discard card from hand
    #####:  703:      discardCard(handPos, currentPlayer, state, 0);
call    0 never executed
        -:  704:
    #####:  705:      if (choice1)		//+2 coins
branch  0 never executed
branch  1 never executed
        -:  706:	{
    #####:  707:	  state->coins = state->coins + 2;
        -:  708:	}
        -:  709:
    #####:  710:      else if (choice2)		//discard hand, redraw 4, other players with 5+ cards discard hand and draw 4
branch  0 never executed
branch  1 never executed
        -:  711:	{
        -:  712:	  //discard hand
    #####:  713:	  while(numHandCards(state) > 0)
call    0 never executed
branch  1 never executed
branch  2 never executed
        -:  714:	    {
    #####:  715:	      discardCard(handPos, currentPlayer, state, 0);
call    0 never executed
        -:  716:	    }
        -:  717:
        -:  718:	  //draw 4
        -:  719:	  int i;
    #####:  720:	  for (i = 0; i < 4; i++)
branch  0 never executed
branch  1 never executed
        -:  721:	    {
    #####:  722:	      drawCard(currentPlayer, state);
call    0 never executed
        -:  723:	    }
        -:  724:
        -:  725:	  //other players discard hand and redraw if hand size > 4
    #####:  726:	  for (i = 0; i < state->numPlayers; i++)
branch  0 never executed
branch  1 never executed
        -:  727:	    {
    #####:  728:	      if (i != currentPlayer)
branch  0 never executed
branch  1 never executed
        -:  729:		{
    #####:  730:		  if ( state->handCount[i] > 4 )
branch  0 never executed
branch  1 never executed
        -:  731:		    {
        -:  732:		      //discard hand
    #####:  733:		      while( state->handCount[i] > 0 )
branch  0 never executed
branch  1 never executed
        -:  734:			{
    #####:  735:			  discardCard(handPos, i, state, 0);
call    0 never executed
        -:  736:			}
        -:  737:
        -:  738:		      //draw 4
        -:  739:			int j;
    #####:  740:		      for (j = 0; j < 4; j++)
branch  0 never executed
branch  1 never executed
        -:  741:			{
    #####:  742:			  drawCard(i, state);
call    0 never executed
        -:  743:			}
        -:  744:		    }
        -:  745:		}
        -:  746:	    }
        -:  747:
        -:  748:	}
    #####:  749:      return 0;
        -:  750:}
        -:  751:
        -:  752:
function steward_Card called 0 returned 0% blocks executed 0%
    #####:  753:int steward_Card(int handPos, int currentPlayer, int choice1, int choice2, int choice3, struct gameState *state){
    #####:  754:      if (choice1 == 1)
branch  0 never executed
branch  1 never executed
        -:  755:	{
        -:  756:	  //+2 coins
    #####:  757:	  state->coins = state->coins + 2;
        -:  758:	}
    #####:  759:      else if (choice1 == 2)
branch  0 never executed
branch  1 never executed
        -:  760:	{
        -:  761:	  //+2 cards
    #####:  762:	  drawCard(currentPlayer, state);
call    0 never executed
    #####:  763:	  drawCard(currentPlayer, state);
call    0 never executed
        -:  764:	}
        -:  765:      else
        -:  766:	{
        -:  767:	  //trash 2 cards in hand
    #####:  768:	  discardCard(choice2, currentPlayer, state, 1);
call    0 never executed
    #####:  769:	  discardCard(choice3, currentPlayer, state, 1);
call    0 never executed
        -:  770:	}
        -:  771:
        -:  772:      //discard card from hand
    #####:  773:      discardCard(handPos, currentPlayer, state, 0);
call    0 never executed
    #####:  774:      return 0;
        -:  775:
        -:  776:}
        -:  777:
function cardEffect called 0 returned 0% blocks executed 0%
    #####:  778:int cardEffect(int card, int choice1, int choice2, int choice3, struct gameState *state, int handPos, int *bonus)
        -:  779:{
        -:  780:  int i;
        -:  781:  int j;
        -:  782:  int k;
        -:  783:  int x;
        -:  784:  int index;
    #####:  785:  int currentPlayer = whoseTurn(state);
call    0 never executed
    #####:  786:  int nextPlayer = currentPlayer + 1;
        -:  787:
    #####:  788:  int tributeRevealedCards[2] = {-1, -1};
        -:  789:  int temphand[MAX_HAND];// moved above the if statement
    #####:  790:  int drawntreasure=0;
        -:  791:  int cardDrawn;
    #####:  792:  int z = 0;// this is the counter for the temp hand
    #####:  793:  if (nextPlayer > (state->numPlayers - 1)){
branch  0 never executed
branch  1 never executed
    #####:  794:    nextPlayer = 0;
        -:  795:  }
        -:  796:
        -:  797:
        -:  798:  //uses switch to select card and perform actions
    #####:  799:  switch( card )
branch  0 never executed
branch  1 never executed
branch  2 never executed
branch  3 never executed
branch  4 never executed
branch  5 never executed
branch  6 never executed
branch  7 never executed
branch  8 never executed
branch  9 never executed
branch 10 never executed
branch 11 never executed
branch 12 never executed
branch 13 never executed
branch 14 never executed
branch 15 never executed
branch 16 never executed
branch 17 never executed
branch 18 never executed
branch 19 never executed
branch 20 never executed
        -:  800:    {
        -:  801:    case adventurer:
    #####:  802:		return adventurer_Card(drawntreasure, currentPlayer, cardDrawn, temphand, state);
call    0 never executed
        -:  803:
        -:  804:    case council_room:
        -:  805:      //+4 Cards
    #####:  806:      for (i = 0; i < 4; i++)
branch  0 never executed
branch  1 never executed
        -:  807:	{
    #####:  808:	  drawCard(currentPlayer, state);
call    0 never executed
        -:  809:	}
        -:  810:
        -:  811:      //+1 Buy
    #####:  812:      state->numBuys++;
        -:  813:
        -:  814:      //Each other player draws a card
    #####:  815:      for (i = 0; i < state->numPlayers; i++)
branch  0 never executed
branch  1 never executed
        -:  816:	{
    #####:  817:	  if ( i != currentPlayer )
branch  0 never executed
branch  1 never executed
        -:  818:	    {
    #####:  819:	      drawCard(i, state);
call    0 never executed
        -:  820:	    }
        -:  821:	}
        -:  822:
        -:  823:      //put played card in played card pile
    #####:  824:      discardCard(handPos, currentPlayer, state, 0);
call    0 never executed
        -:  825:
    #####:  826:      return 0;
        -:  827:
        -:  828:    case feast:
        -:  829:      //gain card with cost up to 5
        -:  830:      //Backup hand
    #####:  831:      for (i = 0; i <= state->handCount[currentPlayer]; i++){
branch  0 never executed
branch  1 never executed
    #####:  832:	temphand[i] = state->hand[currentPlayer][i];//Backup card
    #####:  833:	state->hand[currentPlayer][i] = -1;//Set to nothing
        -:  834:      }
        -:  835:      //Backup hand
        -:  836:
        -:  837:      //Update Coins for Buy
    #####:  838:      updateCoins(currentPlayer, state, 5);
call    0 never executed
    #####:  839:      x = 1;//Condition to loop on
    #####:  840:      while( x == 1) {//Buy one card
branch  0 never executed
branch  1 never executed
    #####:  841:	if (supplyCount(choice1, state) <= 0){
call    0 never executed
branch  1 never executed
branch  2 never executed
        -:  842:	  if (DEBUG)
        -:  843:	    printf("None of that card left, sorry!\n");
        -:  844:
        -:  845:	  if (DEBUG){
        -:  846:	    printf("Cards Left: %d\n", supplyCount(choice1, state));
        -:  847:	  }
        -:  848:	}
    #####:  849:	else if (state->coins < getCost(choice1)){
call    0 never executed
branch  1 never executed
branch  2 never executed
    #####:  850:	  printf("That card is too expensive!\n");
call    0 never executed
        -:  851:
        -:  852:	  if (DEBUG){
        -:  853:	    printf("Coins: %d < %d\n", state->coins, getCost(choice1));
        -:  854:	  }
        -:  855:	}
        -:  856:	else{
        -:  857:
        -:  858:	  if (DEBUG){
        -:  859:	    printf("Deck Count: %d\n", state->handCount[currentPlayer] + state->deckCount[currentPlayer] + state->discardCount[currentPlayer]);
        -:  860:	  }
        -:  861:
    #####:  862:	  gainCard(choice1, state, 0, currentPlayer);//Gain the card
call    0 never executed
    #####:  863:	  x = 0;//No more buying cards
        -:  864:
        -:  865:	  if (DEBUG){
        -:  866:	    printf("Deck Count: %d\n", state->handCount[currentPlayer] + state->deckCount[currentPlayer] + state->discardCount[currentPlayer]);
        -:  867:	  }
        -:  868:
        -:  869:	}
        -:  870:      }
        -:  871:
        -:  872:      //Reset Hand
    #####:  873:      for (i = 0; i <= state->handCount[currentPlayer]; i++){
branch  0 never executed
branch  1 never executed
    #####:  874:	state->hand[currentPlayer][i] = temphand[i];
    #####:  875:	temphand[i] = -1;
        -:  876:      }
        -:  877:      //Reset Hand
        -:  878:
    #####:  879:      return 0;
        -:  880:
        -:  881:    case gardens:
    #####:  882:      return -1;
        -:  883:
        -:  884:    case mine:
    #####:  885:      j = state->hand[currentPlayer][choice1];  //store card we will trash
        -:  886:
    #####:  887:      if (state->hand[currentPlayer][choice1] < copper || state->hand[currentPlayer][choice1] > gold)
branch  0 never executed
branch  1 never executed
branch  2 never executed
branch  3 never executed
        -:  888:	{
    #####:  889:	  return -1;
        -:  890:	}
        -:  891:
    #####:  892:      if (choice2 > treasure_map || choice2 < curse)
branch  0 never executed
branch  1 never executed
branch  2 never executed
branch  3 never executed
        -:  893:	{
    #####:  894:	  return -1;
        -:  895:	}
        -:  896:
    #####:  897:      if ( (getCost(state->hand[currentPlayer][choice1]) + 3) > getCost(choice2) )
call    0 never executed
call    1 never executed
branch  2 never executed
branch  3 never executed
        -:  898:	{
    #####:  899:	  return -1;
        -:  900:	}
        -:  901:
    #####:  902:      gainCard(choice2, state, 2, currentPlayer);
call    0 never executed
        -:  903:
        -:  904:      //discard card from hand
    #####:  905:      discardCard(handPos, currentPlayer, state, 0);
call    0 never executed
        -:  906:
        -:  907:      //discard trashed card
    #####:  908:      for (i = 0; i < state->handCount[currentPlayer]; i++)
branch  0 never executed
branch  1 never executed
        -:  909:	{
    #####:  910:	  if (state->hand[currentPlayer][i] == j)
branch  0 never executed
branch  1 never executed
        -:  911:	    {
    #####:  912:	      discardCard(i, currentPlayer, state, 0);
call    0 never executed
    #####:  913:	      break;
        -:  914:	    }
        -:  915:	}
        -:  916:
    #####:  917:      return 0;
        -:  918:
        -:  919:    case remodel:
    #####:  920:      j = state->hand[currentPlayer][choice1];  //store card we will trash
        -:  921:
    #####:  922:      if ( (getCost(state->hand[currentPlayer][choice1]) + 2) > getCost(choice2) )
call    0 never executed
call    1 never executed
branch  2 never executed
branch  3 never executed
        -:  923:	{
    #####:  924:	  return -1;
        -:  925:	}
        -:  926:
    #####:  927:      gainCard(choice2, state, 0, currentPlayer);
call    0 never executed
        -:  928:
        -:  929:      //discard card from hand
    #####:  930:      discardCard(handPos, currentPlayer, state, 0);
call    0 never executed
        -:  931:
        -:  932:      //discard trashed card
    #####:  933:      for (i = 0; i < state->handCount[currentPlayer]; i++)
branch  0 never executed
branch  1 never executed
        -:  934:	{
    #####:  935:	  if (state->hand[currentPlayer][i] == j)
branch  0 never executed
branch  1 never executed
        -:  936:	    {
    #####:  937:	      discardCard(i, currentPlayer, state, 0);
call    0 never executed
    #####:  938:	      break;
        -:  939:	    }
        -:  940:	}
        -:  941:
        -:  942:
    #####:  943:      return 0;
        -:  944:
        -:  945:    case smithy:
    #####:  946:		return smithy_Card(handPos, currentPlayer, state);
call    0 never executed
        -:  947:
        -:  948:    case village:
        -:  949:      //+1 Card
    #####:  950:      drawCard(currentPlayer, state);
call    0 never executed
        -:  951:
        -:  952:      //+2 Actions
    #####:  953:      state->numActions = state->numActions + 2;
        -:  954:
        -:  955:      //discard played card from hand
    #####:  956:      discardCard(handPos, currentPlayer, state, 0);
call    0 never executed
    #####:  957:      return 0;
        -:  958:
        -:  959:    case baron:
    #####:  960:      state->numBuys++;//Increase buys by 1!
    #####:  961:      if (choice1 > 0){//Boolean true or going to discard an estate
branch  0 never executed
branch  1 never executed
    #####:  962:	int p = 0;//Iterator for hand!
    #####:  963:	int card_not_discarded = 1;//Flag for discard set!
    #####:  964:	while(card_not_discarded){
branch  0 never executed
branch  1 never executed
    #####:  965:	  if (state->hand[currentPlayer][p] == estate){//Found an estate card!
branch  0 never executed
branch  1 never executed
    #####:  966:	    state->coins += 4;//Add 4 coins to the amount of coins
    #####:  967:	    state->discard[currentPlayer][state->discardCount[currentPlayer]] = state->hand[currentPlayer][p];
    #####:  968:	    state->discardCount[currentPlayer]++;
    #####:  969:	    for (;p < state->handCount[currentPlayer]; p++){
branch  0 never executed
branch  1 never executed
    #####:  970:	      state->hand[currentPlayer][p] = state->hand[currentPlayer][p+1];
        -:  971:	    }
    #####:  972:	    state->hand[currentPlayer][state->handCount[currentPlayer]] = -1;
    #####:  973:	    state->handCount[currentPlayer]--;
    #####:  974:	    card_not_discarded = 0;//Exit the loop
        -:  975:	  }
    #####:  976:	  else if (p > state->handCount[currentPlayer]){
branch  0 never executed
branch  1 never executed
        -:  977:	    if(DEBUG) {
        -:  978:	      printf("No estate cards in your hand, invalid choice\n");
        -:  979:	      printf("Must gain an estate if there are any\n");
        -:  980:	    }
    #####:  981:	    if (supplyCount(estate, state) > 0){
call    0 never executed
branch  1 never executed
branch  2 never executed
    #####:  982:	      gainCard(estate, state, 0, currentPlayer);
call    0 never executed
    #####:  983:	      state->supplyCount[estate]--;//Decrement estates
    #####:  984:	      if (supplyCount(estate, state) == 0){
call    0 never executed
branch  1 never executed
branch  2 never executed
    #####:  985:		isGameOver(state);
call    0 never executed
        -:  986:	      }
        -:  987:	    }
    #####:  988:	    card_not_discarded = 0;//Exit the loop
        -:  989:	  }
        -:  990:
        -:  991:	  else{
    #####:  992:	    p++;//Next card
        -:  993:	  }
        -:  994:	}
        -:  995:      }
        -:  996:
        -:  997:      else{
    #####:  998:	if (supplyCount(estate, state) > 0){
call    0 never executed
branch  1 never executed
branch  2 never executed
    #####:  999:	  gainCard(estate, state, 0, currentPlayer);//Gain an estate
call    0 never executed
    #####: 1000:	  state->supplyCount[estate]--;//Decrement Estates
    #####: 1001:	  if (supplyCount(estate, state) == 0){
call    0 never executed
branch  1 never executed
branch  2 never executed
    #####: 1002:	    isGameOver(state);
call    0 never executed
        -: 1003:	  }
        -: 1004:	}
        -: 1005:      }
        -: 1006:
        -: 1007:
    #####: 1008:      return 0;
        -: 1009:
        -: 1010:    case great_hall:
    #####: 1011:		return greatHall_Card(handPos, currentPlayer, state);
call    0 never executed
        -: 1012:
        -: 1013:    case minion:
    #####: 1014:		return minion_card(handPos, currentPlayer, choice1, choice2, state);
call    0 never executed
        -: 1015:
        -: 1016:    case steward:
    #####: 1017:		return steward_Card(handPos, currentPlayer, choice1, choice2, choice3, state);
call    0 never executed
        -: 1018:
        -: 1019:    case tribute:
    #####: 1020:      if ((state->discardCount[nextPlayer] + state->deckCount[nextPlayer]) <= 1){
branch  0 never executed
branch  1 never executed
    #####: 1021:	if (state->deckCount[nextPlayer] > 0){
branch  0 never executed
branch  1 never executed
    #####: 1022:	  tributeRevealedCards[0] = state->deck[nextPlayer][state->deckCount[nextPlayer]-1];
    #####: 1023:	  state->deckCount[nextPlayer]--;
        -: 1024:	}
    #####: 1025:	else if (state->discardCount[nextPlayer] > 0){
branch  0 never executed
branch  1 never executed
    #####: 1026:	  tributeRevealedCards[0] = state->discard[nextPlayer][state->discardCount[nextPlayer]-1];
    #####: 1027:	  state->discardCount[nextPlayer]--;
        -: 1028:	}
        -: 1029:	else{
        -: 1030:	  //No Card to Reveal
        -: 1031:	  if (DEBUG){
        -: 1032:	    printf("No cards to reveal\n");
        -: 1033:	  }
        -: 1034:	}
        -: 1035:      }
        -: 1036:
        -: 1037:      else{
    #####: 1038:	if (state->deckCount[nextPlayer] == 0){
branch  0 never executed
branch  1 never executed
    #####: 1039:	  for (i = 0; i < state->discardCount[nextPlayer]; i++){
branch  0 never executed
branch  1 never executed
    #####: 1040:	    state->deck[nextPlayer][i] = state->discard[nextPlayer][i];//Move to deck
    #####: 1041:	    state->deckCount[nextPlayer]++;
    #####: 1042:	    state->discard[nextPlayer][i] = -1;
    #####: 1043:	    state->discardCount[nextPlayer]--;
        -: 1044:	  }
        -: 1045:
    #####: 1046:	  shuffle(nextPlayer,state);//Shuffle the deck
call    0 never executed
        -: 1047:	}
    #####: 1048:	tributeRevealedCards[0] = state->deck[nextPlayer][state->deckCount[nextPlayer]-1];
    #####: 1049:	state->deck[nextPlayer][state->deckCount[nextPlayer]--] = -1;
    #####: 1050:	state->deckCount[nextPlayer]--;
    #####: 1051:	tributeRevealedCards[1] = state->deck[nextPlayer][state->deckCount[nextPlayer]-1];
    #####: 1052:	state->deck[nextPlayer][state->deckCount[nextPlayer]--] = -1;
    #####: 1053:	state->deckCount[nextPlayer]--;
        -: 1054:      }
        -: 1055:
    #####: 1056:      if (tributeRevealedCards[0] == tributeRevealedCards[1]){//If we have a duplicate card, just drop one
branch  0 never executed
branch  1 never executed
    #####: 1057:	state->playedCards[state->playedCardCount] = tributeRevealedCards[1];
    #####: 1058:	state->playedCardCount++;
    #####: 1059:	tributeRevealedCards[1] = -1;
        -: 1060:      }
        -: 1061:
    #####: 1062:      for (i = 0; i <= 2; i ++){
branch  0 never executed
branch  1 never executed
    #####: 1063:	if (tributeRevealedCards[i] == copper || tributeRevealedCards[i] == silver || tributeRevealedCards[i] == gold){//Treasure cards
branch  0 never executed
branch  1 never executed
branch  2 never executed
branch  3 never executed
branch  4 never executed
branch  5 never executed
    #####: 1064:	  state->coins += 2;
        -: 1065:	}
        -: 1066:
    #####: 1067:	else if (tributeRevealedCards[i] == estate || tributeRevealedCards[i] == duchy || tributeRevealedCards[i] == province || tributeRevealedCards[i] == gardens || tributeRevealedCards[i] == great_hall){//Victory Card Found
branch  0 never executed
branch  1 never executed
branch  2 never executed
branch  3 never executed
branch  4 never executed
branch  5 never executed
branch  6 never executed
branch  7 never executed
branch  8 never executed
branch  9 never executed
    #####: 1068:	  drawCard(currentPlayer, state);
call    0 never executed
    #####: 1069:	  drawCard(currentPlayer, state);
call    0 never executed
        -: 1070:	}
        -: 1071:	else{//Action Card
    #####: 1072:	  state->numActions = state->numActions + 2;
        -: 1073:	}
        -: 1074:      }
        -: 1075:
    #####: 1076:      return 0;
        -: 1077:
        -: 1078:    case ambassador:
    #####: 1079:      j = 0;		//used to check if player has enough cards to discard
        -: 1080:
    #####: 1081:      if (choice2 > 2 || choice2 < 0)
branch  0 never executed
branch  1 never executed
branch  2 never executed
branch  3 never executed
        -: 1082:	{
    #####: 1083:	  return -1;
        -: 1084:	}
        -: 1085:
    #####: 1086:      if (choice1 == handPos)
branch  0 never executed
branch  1 never executed
        -: 1087:	{
    #####: 1088:	  return -1;
        -: 1089:	}
        -: 1090:
    #####: 1091:      for (i = 0; i < state->handCount[currentPlayer]; i++)
branch  0 never executed
branch  1 never executed
        -: 1092:	{
    #####: 1093:	  if (i != handPos && i == state->hand[currentPlayer][choice1] && i != choice1)
branch  0 never executed
branch  1 never executed
branch  2 never executed
branch  3 never executed
branch  4 never executed
branch  5 never executed
        -: 1094:	    {
    #####: 1095:	      j++;
        -: 1096:	    }
        -: 1097:	}
    #####: 1098:      if (j < choice2)
branch  0 never executed
branch  1 never executed
        -: 1099:	{
    #####: 1100:	  return -1;
        -: 1101:	}
        -: 1102:
        -: 1103:      if (DEBUG)
        -: 1104:	printf("Player %d reveals card number: %d\n", currentPlayer, state->hand[currentPlayer][choice1]);
        -: 1105:
        -: 1106:      //increase supply count for choosen card by amount being discarded
    #####: 1107:      state->supplyCount[state->hand[currentPlayer][choice1]] += choice2;
        -: 1108:
        -: 1109:      //each other player gains a copy of revealed card
    #####: 1110:      for (i = 0; i < state->numPlayers; i++)
branch  0 never executed
branch  1 never executed
        -: 1111:	{
    #####: 1112:	  if (i != currentPlayer)
branch  0 never executed
branch  1 never executed
        -: 1113:	    {
    #####: 1114:	      gainCard(state->hand[currentPlayer][choice1], state, 0, i);
call    0 never executed
        -: 1115:	    }
        -: 1116:	}
        -: 1117:
        -: 1118:      //discard played card from hand
    #####: 1119:      discardCard(handPos, currentPlayer, state, 0);
call    0 never executed
        -: 1120:
        -: 1121:      //trash copies of cards returned to supply
    #####: 1122:      for (j = 0; j < choice2; j++)
branch  0 never executed
branch  1 never executed
        -: 1123:	{
    #####: 1124:	  for (i = 0; i < state->handCount[currentPlayer]; i++)
branch  0 never executed
branch  1 never executed
        -: 1125:	    {
    #####: 1126:	      if (state->hand[currentPlayer][i] == state->hand[currentPlayer][choice1])
branch  0 never executed
branch  1 never executed
        -: 1127:		{
    #####: 1128:		  discardCard(i, currentPlayer, state, 1);
call    0 never executed
    #####: 1129:		  break;
        -: 1130:		}
        -: 1131:	    }
        -: 1132:	}
        -: 1133:
    #####: 1134:      return 0;
        -: 1135:
        -: 1136:    case cutpurse:
        -: 1137:
    #####: 1138:      updateCoins(currentPlayer, state, 2);
call    0 never executed
    #####: 1139:      for (i = 0; i < state->numPlayers; i++)
branch  0 never executed
branch  1 never executed
        -: 1140:	{
    #####: 1141:	  if (i != currentPlayer)
branch  0 never executed
branch  1 never executed
        -: 1142:	    {
    #####: 1143:	      for (j = 0; j < state->handCount[i]; j++)
branch  0 never executed
branch  1 never executed
        -: 1144:		{
    #####: 1145:		  if (state->hand[i][j] == copper)
branch  0 never executed
branch  1 never executed
        -: 1146:		    {
    #####: 1147:		      discardCard(j, i, state, 0);
call    0 never executed
    #####: 1148:		      break;
        -: 1149:		    }
    #####: 1150:		  if (j == state->handCount[i])
branch  0 never executed
branch  1 never executed
        -: 1151:		    {
    #####: 1152:		      for (k = 0; k < state->handCount[i]; k++)
branch  0 never executed
branch  1 never executed
        -: 1153:			{
        -: 1154:			  if (DEBUG)
        -: 1155:			    printf("Player %d reveals card number %d\n", i, state->hand[i][k]);
        -: 1156:			}
    #####: 1157:		      break;
        -: 1158:		    }
        -: 1159:		}
        -: 1160:
        -: 1161:	    }
        -: 1162:
        -: 1163:	}
        -: 1164:
        -: 1165:      //discard played card from hand
    #####: 1166:      discardCard(handPos, currentPlayer, state, 0);
call    0 never executed
        -: 1167:
    #####: 1168:      return 0;
        -: 1169:
        -: 1170:
        -: 1171:    case embargo:
        -: 1172:      //+2 Coins
    #####: 1173:      state->coins = state->coins + 2;
        -: 1174:
        -: 1175:      //see if selected pile is in play
    #####: 1176:      if ( state->supplyCount[choice1] == -1 )
branch  0 never executed
branch  1 never executed
        -: 1177:	{
    #####: 1178:	  return -1;
        -: 1179:	}
        -: 1180:
        -: 1181:      //add embargo token to selected supply pile
    #####: 1182:      state->embargoTokens[choice1]++;
        -: 1183:
        -: 1184:      //trash card
    #####: 1185:      discardCard(handPos, currentPlayer, state, 1);
call    0 never executed
    #####: 1186:      return 0;
        -: 1187:
        -: 1188:    case outpost:
        -: 1189:      //set outpost flag
    #####: 1190:      state->outpostPlayed++;
        -: 1191:
        -: 1192:      //discard card
    #####: 1193:      discardCard(handPos, currentPlayer, state, 0);
call    0 never executed
    #####: 1194:      return 0;
        -: 1195:
        -: 1196:    case salvager:
        -: 1197:      //+1 buy
    #####: 1198:      state->numBuys++;
        -: 1199:
    #####: 1200:      if (choice1)
branch  0 never executed
branch  1 never executed
        -: 1201:	{
        -: 1202:	  //gain coins equal to trashed card
    #####: 1203:	  state->coins = state->coins + getCost( handCard(choice1, state) );
call    0 never executed
call    1 never executed
        -: 1204:	  //trash card
    #####: 1205:	  discardCard(choice1, currentPlayer, state, 1);
call    0 never executed
        -: 1206:	}
        -: 1207:
        -: 1208:      //discard card
    #####: 1209:      discardCard(handPos, currentPlayer, state, 0);
call    0 never executed
    #####: 1210:      return 0;
        -: 1211:
        -: 1212:    case sea_hag:
    #####: 1213:      for (i = 0; i < state->numPlayers; i++){
branch  0 never executed
branch  1 never executed
    #####: 1214:	if (i != currentPlayer){
branch  0 never executed
branch  1 never executed
    #####: 1215:	  state->discard[i][state->discardCount[i]] = state->deck[i][state->deckCount[i]--];			    state->deckCount[i]--;
    #####: 1216:	  state->discardCount[i]++;
    #####: 1217:	  state->deck[i][state->deckCount[i]--] = curse;//Top card now a curse
        -: 1218:	}
        -: 1219:      }
    #####: 1220:      return 0;
        -: 1221:
        -: 1222:    case treasure_map:
        -: 1223:      //search hand for another treasure_map
    #####: 1224:      index = -1;
    #####: 1225:      for (i = 0; i < state->handCount[currentPlayer]; i++)
branch  0 never executed
branch  1 never executed
        -: 1226:	{
    #####: 1227:	  if (state->hand[currentPlayer][i] == treasure_map && i != handPos)
branch  0 never executed
branch  1 never executed
branch  2 never executed
branch  3 never executed
        -: 1228:	    {
    #####: 1229:	      index = i;
    #####: 1230:	      break;
        -: 1231:	    }
        -: 1232:	}
    #####: 1233:      if (index > -1)
branch  0 never executed
branch  1 never executed
        -: 1234:	{
        -: 1235:	  //trash both treasure cards
    #####: 1236:	  discardCard(handPos, currentPlayer, state, 1);
call    0 never executed
    #####: 1237:	  discardCard(index, currentPlayer, state, 1);
call    0 never executed
        -: 1238:
        -: 1239:	  //gain 4 Gold cards
    #####: 1240:	  for (i = 0; i < 4; i++)
branch  0 never executed
branch  1 never executed
        -: 1241:	    {
    #####: 1242:	      gainCard(gold, state, 1, currentPlayer);
call    0 never executed
        -: 1243:	    }
        -: 1244:
        -: 1245:	  //return success
    #####: 1246:	  return 1;
        -: 1247:	}
        -: 1248:
        -: 1249:      //no second treasure_map found in hand
    #####: 1250:      return -1;
        -: 1251:    }
        -: 1252:
    #####: 1253:  return -1;
        -: 1254:}
        -: 1255:
function discardCard called 2002 returned 100% blocks executed 89%
     2002: 1256:int discardCard(int handPos, int currentPlayer, struct gameState *state, int trashFlag)
        -: 1257:{
        -: 1258:
        -: 1259:  //if card is not trashed, added to Played pile
     2002: 1260:  if (trashFlag < 1)
branch  0 taken 100% (fallthrough)
branch  1 taken 0%
        -: 1261:    {
        -: 1262:      //add card to played pile
     2002: 1263:      state->playedCards[state->playedCardCount] = state->hand[currentPlayer][handPos];
     2002: 1264:      state->playedCardCount++;
        -: 1265:    }
        -: 1266:
        -: 1267:  //set played card to -1
     2002: 1268:  state->hand[currentPlayer][handPos] = -1;
        -: 1269:
        -: 1270:  //remove card from player's hand
     2002: 1271:  if ( handPos == (state->handCount[currentPlayer] - 1) ) 	//last card in hand array is played
branch  0 taken 22% (fallthrough)
branch  1 taken 78%
        -: 1272:    {
        -: 1273:      //reduce number of cards in hand
      446: 1274:      state->handCount[currentPlayer]--;
        -: 1275:    }
     1556: 1276:  else if ( state->handCount[currentPlayer] == 1 ) //only one card in hand
branch  0 taken 0% (fallthrough)
branch  1 taken 100%
        -: 1277:    {
        -: 1278:      //reduce number of cards in hand
    #####: 1279:      state->handCount[currentPlayer]--;
        -: 1280:    }
        -: 1281:  else
        -: 1282:    {
        -: 1283:      //replace discarded card with last card in hand
     1556: 1284:      state->hand[currentPlayer][handPos] = state->hand[currentPlayer][ (state->handCount[currentPlayer] - 1)];
        -: 1285:      //set last card to -1
     1556: 1286:      state->hand[currentPlayer][state->handCount[currentPlayer] - 1] = -1;
        -: 1287:      //reduce number of cards in hand
     1556: 1288:      state->handCount[currentPlayer]--;
        -: 1289:    }
        -: 1290:
     2002: 1291:  return 0;
        -: 1292:}
        -: 1293:
function gainCard called 0 returned 0% blocks executed 0%
    #####: 1294:int gainCard(int supplyPos, struct gameState *state, int toFlag, int player)
        -: 1295:{
        -: 1296:  //Note: supplyPos is enum of choosen card
        -: 1297:
        -: 1298:  //check if supply pile is empty (0) or card is not used in game (-1)
    #####: 1299:  if ( supplyCount(supplyPos, state) < 1 )
call    0 never executed
branch  1 never executed
branch  2 never executed
        -: 1300:    {
    #####: 1301:      return -1;
        -: 1302:    }
        -: 1303:
        -: 1304:  //added card for [whoseTurn] current player:
        -: 1305:  // toFlag = 0 : add to discard
        -: 1306:  // toFlag = 1 : add to deck
        -: 1307:  // toFlag = 2 : add to hand
        -: 1308:
    #####: 1309:  if (toFlag == 1)
branch  0 never executed
branch  1 never executed
        -: 1310:    {
    #####: 1311:      state->deck[ player ][ state->deckCount[player] ] = supplyPos;
    #####: 1312:      state->deckCount[player]++;
        -: 1313:    }
    #####: 1314:  else if (toFlag == 2)
branch  0 never executed
branch  1 never executed
        -: 1315:    {
    #####: 1316:      state->hand[ player ][ state->handCount[player] ] = supplyPos;
    #####: 1317:      state->handCount[player]++;
        -: 1318:    }
        -: 1319:  else
        -: 1320:    {
    #####: 1321:      state->discard[player][ state->discardCount[player] ] = supplyPos;
    #####: 1322:      state->discardCount[player]++;
        -: 1323:    }
        -: 1324:
        -: 1325:  //decrease number in supply pile
    #####: 1326:  state->supplyCount[supplyPos]--;
        -: 1327:
    #####: 1328:  return 0;
        -: 1329:}
        -: 1330:
function updateCoins called 1389 returned 100% blocks executed 82%
     1389: 1331:int updateCoins(int player, struct gameState *state, int bonus)
        -: 1332:{
        -: 1333:  int i;
        -: 1334:
        -: 1335:  //reset coin count
     1389: 1336:  state->coins = 0;
        -: 1337:
        -: 1338:  //add coins for each Treasure card in player's hand
     8334: 1339:  for (i = 0; i < state->handCount[player]; i++)
branch  0 taken 83%
branch  1 taken 17% (fallthrough)
        -: 1340:    {
     6945: 1341:      if (state->hand[player][i] == copper)
branch  0 taken 40% (fallthrough)
branch  1 taken 60%
        -: 1342:	{
     2784: 1343:	  state->coins += 1;
        -: 1344:	}
     4161: 1345:      else if (state->hand[player][i] == silver)
branch  0 taken 0% (fallthrough)
branch  1 taken 100%
        -: 1346:	{
    #####: 1347:	  state->coins += 2;
        -: 1348:	}
     4161: 1349:      else if (state->hand[player][i] == gold)
branch  0 taken 0% (fallthrough)
branch  1 taken 100%
        -: 1350:	{
    #####: 1351:	  state->coins += 3;
        -: 1352:	}
        -: 1353:    }
        -: 1354:
        -: 1355:  //add bonus
     1389: 1356:  state->coins += bonus;
        -: 1357:
     1389: 1358:  return 0;
        -: 1359:}
        -: 1360:
        -: 1361:
        -: 1362://end of dominion.c
        -: 1363:
